Command line invocation:
    /Applications/Xcode-beta.app/Contents/Developer/usr/bin/xcodebuild test -project AvoidObstaclesGame/AvoidObstaclesGame.xcodeproj -scheme AvoidObstaclesGame -destination "platform=iOS Simulator,name=iPhone 17" "-only-testing:AvoidObstaclesGameUITests/GameFunctionalTests/testGameplayLoop"

Resolve Package Graph


Resolved source packages:
  Shared: https://github.com/dboone323/shared-kit.git @ 1.0.0

ComputePackagePrebuildTargetDependencyGraph

Prepare packages

CreateBuildRequest

SendProjectDescription

CreateBuildOperation

ComputeTargetDependencyGraph
note: Building targets in dependency order
note: Target dependency graph (3 targets)
    Target 'AvoidObstaclesGameUITests' in project 'AvoidObstaclesGame'
        ➜ Explicit dependency on target 'AvoidObstaclesGame' in project 'AvoidObstaclesGame'
    Target 'AvoidObstaclesGameTests' in project 'AvoidObstaclesGame'
        ➜ Explicit dependency on target 'AvoidObstaclesGame' in project 'AvoidObstaclesGame'
    Target 'AvoidObstaclesGame' in project 'AvoidObstaclesGame' (no dependencies)

GatherProvisioningInputs

CreateBuildDescription

ExecuteExternalTool /Applications/Xcode-beta.app/Contents/Developer/Toolchains/XcodeDefault.xctoolchain/usr/bin/clang -v -E -dM -isysroot /Applications/Xcode-beta.app/Contents/Developer/Platforms/iPhoneSimulator.platform/Developer/SDKs/iPhoneSimulator26.2.sdk -x c -c /dev/null

ExecuteExternalTool /Applications/Xcode-beta.app/Contents/Developer/Toolchains/XcodeDefault.xctoolchain/usr/bin/swiftc --version

ExecuteExternalTool /Applications/Xcode-beta.app/Contents/Developer/usr/bin/actool --print-asset-tag-combinations --output-format xml1 /Users/danielstevens/Desktop/github-projects/tools-automation/AvoidObstaclesGame/AvoidObstaclesGame/Assets.xcassets

ExecuteExternalTool /Applications/Xcode-beta.app/Contents/Developer/Toolchains/XcodeDefault.xctoolchain/usr/bin/ld -version_details

ExecuteExternalTool /Applications/Xcode-beta.app/Contents/Developer/usr/bin/actool --version --output-format xml1

Build description signature: 9b0206dcdf2b25a9d7bb589135f7dec5
Build description path: /Users/danielstevens/Library/Developer/Xcode/DerivedData/AvoidObstaclesGame-ftcaflfqghptvoamthzoluzhenhx/Build/Intermediates.noindex/XCBuildData/9b0206dcdf2b25a9d7bb589135f7dec5.xcbuilddata
ClangStatCache /Applications/Xcode-beta.app/Contents/Developer/Toolchains/XcodeDefault.xctoolchain/usr/bin/clang-stat-cache /Applications/Xcode-beta.app/Contents/Developer/Platforms/iPhoneSimulator.platform/Developer/SDKs/iPhoneSimulator26.2.sdk /Users/danielstevens/Library/Developer/Xcode/DerivedData/SDKStatCaches.noindex/iphonesimulator26.2-23C5027e-c6bb09c85eeb1a59968f08cee6a58242.sdkstatcache
    cd /Users/danielstevens/Desktop/github-projects/tools-automation/AvoidObstaclesGame/AvoidObstaclesGame.xcodeproj
    /Applications/Xcode-beta.app/Contents/Developer/Toolchains/XcodeDefault.xctoolchain/usr/bin/clang-stat-cache /Applications/Xcode-beta.app/Contents/Developer/Platforms/iPhoneSimulator.platform/Developer/SDKs/iPhoneSimulator26.2.sdk -o /Users/danielstevens/Library/Developer/Xcode/DerivedData/SDKStatCaches.noindex/iphonesimulator26.2-23C5027e-c6bb09c85eeb1a59968f08cee6a58242.sdkstatcache

note: Disabling hardened runtime with ad-hoc codesigning. (in target 'AvoidObstaclesGame' from project 'AvoidObstaclesGame')
SwiftDriver AvoidObstaclesGame normal arm64 com.apple.xcode.tools.swift.compiler (in target 'AvoidObstaclesGame' from project 'AvoidObstaclesGame')
    cd /Users/danielstevens/Desktop/github-projects/tools-automation/AvoidObstaclesGame
    builtin-SwiftDriver -- /Applications/Xcode-beta.app/Contents/Developer/Toolchains/XcodeDefault.xctoolchain/usr/bin/swiftc -module-name AvoidObstaclesGame -Onone -enforce-exclusivity\=checked @/Users/danielstevens/Library/Developer/Xcode/DerivedData/AvoidObstaclesGame-ftcaflfqghptvoamthzoluzhenhx/Build/Intermediates.noindex/AvoidObstaclesGame.build/Debug-iphonesimulator/AvoidObstaclesGame.build/Objects-normal/arm64/AvoidObstaclesGame.SwiftFileList -DDEBUG -enable-bare-slash-regex -enable-experimental-feature DebugDescriptionMacro -sdk /Applications/Xcode-beta.app/Contents/Developer/Platforms/iPhoneSimulator.platform/Developer/SDKs/iPhoneSimulator26.2.sdk -target arm64-apple-ios26.0-simulator -g -module-cache-path /Users/danielstevens/Library/Developer/Xcode/DerivedData/ModuleCache.noindex -Xfrontend -serialize-debugging-options -enable-testing -index-store-path /Users/danielstevens/Library/Developer/Xcode/DerivedData/AvoidObstaclesGame-ftcaflfqghptvoamthzoluzhenhx/Index.noindex/DataStore -Xcc -D_LIBCPP_HARDENING_MODE\=_LIBCPP_HARDENING_MODE_DEBUG -swift-version 5 -I /Users/danielstevens/Library/Developer/Xcode/DerivedData/AvoidObstaclesGame-ftcaflfqghptvoamthzoluzhenhx/Build/Products/Debug-iphonesimulator -F /Users/danielstevens/Library/Developer/Xcode/DerivedData/AvoidObstaclesGame-ftcaflfqghptvoamthzoluzhenhx/Build/Products/Debug-iphonesimulator -emit-localized-strings -emit-localized-strings-path /Users/danielstevens/Library/Developer/Xcode/DerivedData/AvoidObstaclesGame-ftcaflfqghptvoamthzoluzhenhx/Build/Intermediates.noindex/AvoidObstaclesGame.build/Debug-iphonesimulator/AvoidObstaclesGame.build/Objects-normal/arm64 -c -j10 -enable-batch-mode -incremental -Xcc -ivfsstatcache -Xcc /Users/danielstevens/Library/Developer/Xcode/DerivedData/SDKStatCaches.noindex/iphonesimulator26.2-23C5027e-c6bb09c85eeb1a59968f08cee6a58242.sdkstatcache -output-file-map /Users/danielstevens/Library/Developer/Xcode/DerivedData/AvoidObstaclesGame-ftcaflfqghptvoamthzoluzhenhx/Build/Intermediates.noindex/AvoidObstaclesGame.build/Debug-iphonesimulator/AvoidObstaclesGame.build/Objects-normal/arm64/AvoidObstaclesGame-OutputFileMap.json -use-frontend-parseable-output -save-temps -no-color-diagnostics -explicit-module-build -module-cache-path /Users/danielstevens/Library/Developer/Xcode/DerivedData/AvoidObstaclesGame-ftcaflfqghptvoamthzoluzhenhx/Build/Intermediates.noindex/SwiftExplicitPrecompiledModules -clang-scanner-module-cache-path /Users/danielstevens/Library/Developer/Xcode/DerivedData/ModuleCache.noindex -sdk-module-cache-path /Users/danielstevens/Library/Developer/Xcode/DerivedData/ModuleCache.noindex -serialize-diagnostics -emit-dependencies -emit-module -emit-module-path /Users/danielstevens/Library/Developer/Xcode/DerivedData/AvoidObstaclesGame-ftcaflfqghptvoamthzoluzhenhx/Build/Intermediates.noindex/AvoidObstaclesGame.build/Debug-iphonesimulator/AvoidObstaclesGame.build/Objects-normal/arm64/AvoidObstaclesGame.swiftmodule -validate-clang-modules-once -clang-build-session-file /Users/danielstevens/Library/Developer/Xcode/DerivedData/ModuleCache.noindex/Session.modulevalidation -Xcc -I/Users/danielstevens/Library/Developer/Xcode/DerivedData/AvoidObstaclesGame-ftcaflfqghptvoamthzoluzhenhx/Build/Intermediates.noindex/AvoidObstaclesGame.build/Debug-iphonesimulator/AvoidObstaclesGame.build/swift-overrides.hmap -emit-const-values -Xfrontend -const-gather-protocols-file -Xfrontend /Users/danielstevens/Library/Developer/Xcode/DerivedData/AvoidObstaclesGame-ftcaflfqghptvoamthzoluzhenhx/Build/Intermediates.noindex/AvoidObstaclesGame.build/Debug-iphonesimulator/AvoidObstaclesGame.build/Objects-normal/arm64/AvoidObstaclesGame_const_extract_protocols.json -Xcc -iquote -Xcc /Users/danielstevens/Library/Developer/Xcode/DerivedData/AvoidObstaclesGame-ftcaflfqghptvoamthzoluzhenhx/Build/Intermediates.noindex/AvoidObstaclesGame.build/Debug-iphonesimulator/AvoidObstaclesGame.build/AvoidObstaclesGame-generated-files.hmap -Xcc -I/Users/danielstevens/Library/Developer/Xcode/DerivedData/AvoidObstaclesGame-ftcaflfqghptvoamthzoluzhenhx/Build/Intermediates.noindex/AvoidObstaclesGame.build/Debug-iphonesimulator/AvoidObstaclesGame.build/AvoidObstaclesGame-own-target-headers.hmap -Xcc -I/Users/danielstevens/Library/Developer/Xcode/DerivedData/AvoidObstaclesGame-ftcaflfqghptvoamthzoluzhenhx/Build/Intermediates.noindex/AvoidObstaclesGame.build/Debug-iphonesimulator/AvoidObstaclesGame.build/AvoidObstaclesGame-all-target-headers.hmap -Xcc -iquote -Xcc /Users/danielstevens/Library/Developer/Xcode/DerivedData/AvoidObstaclesGame-ftcaflfqghptvoamthzoluzhenhx/Build/Intermediates.noindex/AvoidObstaclesGame.build/Debug-iphonesimulator/AvoidObstaclesGame.build/AvoidObstaclesGame-project-headers.hmap -Xcc -I/Users/danielstevens/Library/Developer/Xcode/DerivedData/AvoidObstaclesGame-ftcaflfqghptvoamthzoluzhenhx/Build/Products/Debug-iphonesimulator/include -Xcc -I/Users/danielstevens/Library/Developer/Xcode/DerivedData/AvoidObstaclesGame-ftcaflfqghptvoamthzoluzhenhx/Build/Intermediates.noindex/AvoidObstaclesGame.build/Debug-iphonesimulator/AvoidObstaclesGame.build/DerivedSources-normal/arm64 -Xcc -I/Users/danielstevens/Library/Developer/Xcode/DerivedData/AvoidObstaclesGame-ftcaflfqghptvoamthzoluzhenhx/Build/Intermediates.noindex/AvoidObstaclesGame.build/Debug-iphonesimulator/AvoidObstaclesGame.build/DerivedSources/arm64 -Xcc -I/Users/danielstevens/Library/Developer/Xcode/DerivedData/AvoidObstaclesGame-ftcaflfqghptvoamthzoluzhenhx/Build/Intermediates.noindex/AvoidObstaclesGame.build/Debug-iphonesimulator/AvoidObstaclesGame.build/DerivedSources -Xcc -DDEBUG\=1 -emit-objc-header -emit-objc-header-path /Users/danielstevens/Library/Developer/Xcode/DerivedData/AvoidObstaclesGame-ftcaflfqghptvoamthzoluzhenhx/Build/Intermediates.noindex/AvoidObstaclesGame.build/Debug-iphonesimulator/AvoidObstaclesGame.build/Objects-normal/arm64/AvoidObstaclesGame-Swift.h -working-directory /Users/danielstevens/Desktop/github-projects/tools-automation/AvoidObstaclesGame -experimental-emit-module-separately -disable-cmo

SwiftEmitModule normal arm64 Emitting\ module\ for\ AvoidObstaclesGame (in target 'AvoidObstaclesGame' from project 'AvoidObstaclesGame')

EmitSwiftModule normal arm64 (in target 'AvoidObstaclesGame' from project 'AvoidObstaclesGame')
    cd /Users/danielstevens/Desktop/github-projects/tools-automation/AvoidObstaclesGame

/Users/danielstevens/Desktop/github-projects/tools-automation/AvoidObstaclesGame/AvoidObstaclesGame/GameCenterManager.swift:82:72: warning: 'GKGameCenterViewController' was deprecated in iOS 26.0
    func gameCenterViewControllerDidFinish(_ gameCenterViewController: GKGameCenterViewController) {
                                                                       ^
/Users/danielstevens/Desktop/github-projects/tools-automation/AvoidObstaclesGame/AvoidObstaclesGame/GameCenterManager.swift:81:30: warning: 'GKGameCenterControllerDelegate' was deprecated in iOS 26.0
extension GameCenterManager: GKGameCenterControllerDelegate {
                             ^
/Users/danielstevens/Desktop/github-projects/tools-automation/AvoidObstaclesGame/AvoidObstaclesGame/LeaderboardManager.swift:115:72: warning: 'GKGameCenterViewController' was deprecated in iOS 26.0
    func gameCenterViewControllerDidFinish(_ gameCenterViewController: GKGameCenterViewController) {
                                                                       ^
/Users/danielstevens/Desktop/github-projects/tools-automation/AvoidObstaclesGame/AvoidObstaclesGame/LeaderboardManager.swift:114:31: warning: 'GKGameCenterControllerDelegate' was deprecated in iOS 26.0
extension LeaderboardManager: GKGameCenterControllerDelegate {
                              ^

SwiftDriverJobDiscovery normal arm64 Emitting module for AvoidObstaclesGame (in target 'AvoidObstaclesGame' from project 'AvoidObstaclesGame')

SwiftDriver\ Compilation\ Requirements AvoidObstaclesGame normal arm64 com.apple.xcode.tools.swift.compiler (in target 'AvoidObstaclesGame' from project 'AvoidObstaclesGame')
    cd /Users/danielstevens/Desktop/github-projects/tools-automation/AvoidObstaclesGame
    builtin-Swift-Compilation-Requirements -- /Applications/Xcode-beta.app/Contents/Developer/Toolchains/XcodeDefault.xctoolchain/usr/bin/swiftc -module-name AvoidObstaclesGame -Onone -enforce-exclusivity\=checked @/Users/danielstevens/Library/Developer/Xcode/DerivedData/AvoidObstaclesGame-ftcaflfqghptvoamthzoluzhenhx/Build/Intermediates.noindex/AvoidObstaclesGame.build/Debug-iphonesimulator/AvoidObstaclesGame.build/Objects-normal/arm64/AvoidObstaclesGame.SwiftFileList -DDEBUG -enable-bare-slash-regex -enable-experimental-feature DebugDescriptionMacro -sdk /Applications/Xcode-beta.app/Contents/Developer/Platforms/iPhoneSimulator.platform/Developer/SDKs/iPhoneSimulator26.2.sdk -target arm64-apple-ios26.0-simulator -g -module-cache-path /Users/danielstevens/Library/Developer/Xcode/DerivedData/ModuleCache.noindex -Xfrontend -serialize-debugging-options -enable-testing -index-store-path /Users/danielstevens/Library/Developer/Xcode/DerivedData/AvoidObstaclesGame-ftcaflfqghptvoamthzoluzhenhx/Index.noindex/DataStore -Xcc -D_LIBCPP_HARDENING_MODE\=_LIBCPP_HARDENING_MODE_DEBUG -swift-version 5 -I /Users/danielstevens/Library/Developer/Xcode/DerivedData/AvoidObstaclesGame-ftcaflfqghptvoamthzoluzhenhx/Build/Products/Debug-iphonesimulator -F /Users/danielstevens/Library/Developer/Xcode/DerivedData/AvoidObstaclesGame-ftcaflfqghptvoamthzoluzhenhx/Build/Products/Debug-iphonesimulator -emit-localized-strings -emit-localized-strings-path /Users/danielstevens/Library/Developer/Xcode/DerivedData/AvoidObstaclesGame-ftcaflfqghptvoamthzoluzhenhx/Build/Intermediates.noindex/AvoidObstaclesGame.build/Debug-iphonesimulator/AvoidObstaclesGame.build/Objects-normal/arm64 -c -j10 -enable-batch-mode -incremental -Xcc -ivfsstatcache -Xcc /Users/danielstevens/Library/Developer/Xcode/DerivedData/SDKStatCaches.noindex/iphonesimulator26.2-23C5027e-c6bb09c85eeb1a59968f08cee6a58242.sdkstatcache -output-file-map /Users/danielstevens/Library/Developer/Xcode/DerivedData/AvoidObstaclesGame-ftcaflfqghptvoamthzoluzhenhx/Build/Intermediates.noindex/AvoidObstaclesGame.build/Debug-iphonesimulator/AvoidObstaclesGame.build/Objects-normal/arm64/AvoidObstaclesGame-OutputFileMap.json -use-frontend-parseable-output -save-temps -no-color-diagnostics -explicit-module-build -module-cache-path /Users/danielstevens/Library/Developer/Xcode/DerivedData/AvoidObstaclesGame-ftcaflfqghptvoamthzoluzhenhx/Build/Intermediates.noindex/SwiftExplicitPrecompiledModules -clang-scanner-module-cache-path /Users/danielstevens/Library/Developer/Xcode/DerivedData/ModuleCache.noindex -sdk-module-cache-path /Users/danielstevens/Library/Developer/Xcode/DerivedData/ModuleCache.noindex -serialize-diagnostics -emit-dependencies -emit-module -emit-module-path /Users/danielstevens/Library/Developer/Xcode/DerivedData/AvoidObstaclesGame-ftcaflfqghptvoamthzoluzhenhx/Build/Intermediates.noindex/AvoidObstaclesGame.build/Debug-iphonesimulator/AvoidObstaclesGame.build/Objects-normal/arm64/AvoidObstaclesGame.swiftmodule -validate-clang-modules-once -clang-build-session-file /Users/danielstevens/Library/Developer/Xcode/DerivedData/ModuleCache.noindex/Session.modulevalidation -Xcc -I/Users/danielstevens/Library/Developer/Xcode/DerivedData/AvoidObstaclesGame-ftcaflfqghptvoamthzoluzhenhx/Build/Intermediates.noindex/AvoidObstaclesGame.build/Debug-iphonesimulator/AvoidObstaclesGame.build/swift-overrides.hmap -emit-const-values -Xfrontend -const-gather-protocols-file -Xfrontend /Users/danielstevens/Library/Developer/Xcode/DerivedData/AvoidObstaclesGame-ftcaflfqghptvoamthzoluzhenhx/Build/Intermediates.noindex/AvoidObstaclesGame.build/Debug-iphonesimulator/AvoidObstaclesGame.build/Objects-normal/arm64/AvoidObstaclesGame_const_extract_protocols.json -Xcc -iquote -Xcc /Users/danielstevens/Library/Developer/Xcode/DerivedData/AvoidObstaclesGame-ftcaflfqghptvoamthzoluzhenhx/Build/Intermediates.noindex/AvoidObstaclesGame.build/Debug-iphonesimulator/AvoidObstaclesGame.build/AvoidObstaclesGame-generated-files.hmap -Xcc -I/Users/danielstevens/Library/Developer/Xcode/DerivedData/AvoidObstaclesGame-ftcaflfqghptvoamthzoluzhenhx/Build/Intermediates.noindex/AvoidObstaclesGame.build/Debug-iphonesimulator/AvoidObstaclesGame.build/AvoidObstaclesGame-own-target-headers.hmap -Xcc -I/Users/danielstevens/Library/Developer/Xcode/DerivedData/AvoidObstaclesGame-ftcaflfqghptvoamthzoluzhenhx/Build/Intermediates.noindex/AvoidObstaclesGame.build/Debug-iphonesimulator/AvoidObstaclesGame.build/AvoidObstaclesGame-all-target-headers.hmap -Xcc -iquote -Xcc /Users/danielstevens/Library/Developer/Xcode/DerivedData/AvoidObstaclesGame-ftcaflfqghptvoamthzoluzhenhx/Build/Intermediates.noindex/AvoidObstaclesGame.build/Debug-iphonesimulator/AvoidObstaclesGame.build/AvoidObstaclesGame-project-headers.hmap -Xcc -I/Users/danielstevens/Library/Developer/Xcode/DerivedData/AvoidObstaclesGame-ftcaflfqghptvoamthzoluzhenhx/Build/Products/Debug-iphonesimulator/include -Xcc -I/Users/danielstevens/Library/Developer/Xcode/DerivedData/AvoidObstaclesGame-ftcaflfqghptvoamthzoluzhenhx/Build/Intermediates.noindex/AvoidObstaclesGame.build/Debug-iphonesimulator/AvoidObstaclesGame.build/DerivedSources-normal/arm64 -Xcc -I/Users/danielstevens/Library/Developer/Xcode/DerivedData/AvoidObstaclesGame-ftcaflfqghptvoamthzoluzhenhx/Build/Intermediates.noindex/AvoidObstaclesGame.build/Debug-iphonesimulator/AvoidObstaclesGame.build/DerivedSources/arm64 -Xcc -I/Users/danielstevens/Library/Developer/Xcode/DerivedData/AvoidObstaclesGame-ftcaflfqghptvoamthzoluzhenhx/Build/Intermediates.noindex/AvoidObstaclesGame.build/Debug-iphonesimulator/AvoidObstaclesGame.build/DerivedSources -Xcc -DDEBUG\=1 -emit-objc-header -emit-objc-header-path /Users/danielstevens/Library/Developer/Xcode/DerivedData/AvoidObstaclesGame-ftcaflfqghptvoamthzoluzhenhx/Build/Intermediates.noindex/AvoidObstaclesGame.build/Debug-iphonesimulator/AvoidObstaclesGame.build/Objects-normal/arm64/AvoidObstaclesGame-Swift.h -working-directory /Users/danielstevens/Desktop/github-projects/tools-automation/AvoidObstaclesGame -experimental-emit-module-separately -disable-cmo

Copy /Users/danielstevens/Library/Developer/Xcode/DerivedData/AvoidObstaclesGame-ftcaflfqghptvoamthzoluzhenhx/Build/Products/Debug-iphonesimulator/AvoidObstaclesGame.swiftmodule/Project/arm64-apple-ios-simulator.swiftsourceinfo /Users/danielstevens/Library/Developer/Xcode/DerivedData/AvoidObstaclesGame-ftcaflfqghptvoamthzoluzhenhx/Build/Intermediates.noindex/AvoidObstaclesGame.build/Debug-iphonesimulator/AvoidObstaclesGame.build/Objects-normal/arm64/AvoidObstaclesGame.swiftsourceinfo (in target 'AvoidObstaclesGame' from project 'AvoidObstaclesGame')
    cd /Users/danielstevens/Desktop/github-projects/tools-automation/AvoidObstaclesGame
    builtin-copy -exclude .DS_Store -exclude CVS -exclude .svn -exclude .git -exclude .hg -resolve-src-symlinks -rename /Users/danielstevens/Library/Developer/Xcode/DerivedData/AvoidObstaclesGame-ftcaflfqghptvoamthzoluzhenhx/Build/Intermediates.noindex/AvoidObstaclesGame.build/Debug-iphonesimulator/AvoidObstaclesGame.build/Objects-normal/arm64/AvoidObstaclesGame.swiftsourceinfo /Users/danielstevens/Library/Developer/Xcode/DerivedData/AvoidObstaclesGame-ftcaflfqghptvoamthzoluzhenhx/Build/Products/Debug-iphonesimulator/AvoidObstaclesGame.swiftmodule/Project/arm64-apple-ios-simulator.swiftsourceinfo

Copy /Users/danielstevens/Library/Developer/Xcode/DerivedData/AvoidObstaclesGame-ftcaflfqghptvoamthzoluzhenhx/Build/Products/Debug-iphonesimulator/AvoidObstaclesGame.swiftmodule/arm64-apple-ios-simulator.abi.json /Users/danielstevens/Library/Developer/Xcode/DerivedData/AvoidObstaclesGame-ftcaflfqghptvoamthzoluzhenhx/Build/Intermediates.noindex/AvoidObstaclesGame.build/Debug-iphonesimulator/AvoidObstaclesGame.build/Objects-normal/arm64/AvoidObstaclesGame.abi.json (in target 'AvoidObstaclesGame' from project 'AvoidObstaclesGame')
    cd /Users/danielstevens/Desktop/github-projects/tools-automation/AvoidObstaclesGame
    builtin-copy -exclude .DS_Store -exclude CVS -exclude .svn -exclude .git -exclude .hg -resolve-src-symlinks -rename /Users/danielstevens/Library/Developer/Xcode/DerivedData/AvoidObstaclesGame-ftcaflfqghptvoamthzoluzhenhx/Build/Intermediates.noindex/AvoidObstaclesGame.build/Debug-iphonesimulator/AvoidObstaclesGame.build/Objects-normal/arm64/AvoidObstaclesGame.abi.json /Users/danielstevens/Library/Developer/Xcode/DerivedData/AvoidObstaclesGame-ftcaflfqghptvoamthzoluzhenhx/Build/Products/Debug-iphonesimulator/AvoidObstaclesGame.swiftmodule/arm64-apple-ios-simulator.abi.json

SwiftCompile normal arm64 Compiling\ GameScene.swift /Users/danielstevens/Desktop/github-projects/tools-automation/AvoidObstaclesGame/AvoidObstaclesGame/GameScene.swift (in target 'AvoidObstaclesGame' from project 'AvoidObstaclesGame')

SwiftCompile normal arm64 /Users/danielstevens/Desktop/github-projects/tools-automation/AvoidObstaclesGame/AvoidObstaclesGame/GameScene.swift (in target 'AvoidObstaclesGame' from project 'AvoidObstaclesGame')
    cd /Users/danielstevens/Desktop/github-projects/tools-automation/AvoidObstaclesGame


SwiftDriverJobDiscovery normal arm64 Compiling GameScene.swift (in target 'AvoidObstaclesGame' from project 'AvoidObstaclesGame')

SwiftDriver\ Compilation AvoidObstaclesGame normal arm64 com.apple.xcode.tools.swift.compiler (in target 'AvoidObstaclesGame' from project 'AvoidObstaclesGame')
    cd /Users/danielstevens/Desktop/github-projects/tools-automation/AvoidObstaclesGame
    builtin-Swift-Compilation -- /Applications/Xcode-beta.app/Contents/Developer/Toolchains/XcodeDefault.xctoolchain/usr/bin/swiftc -module-name AvoidObstaclesGame -Onone -enforce-exclusivity\=checked @/Users/danielstevens/Library/Developer/Xcode/DerivedData/AvoidObstaclesGame-ftcaflfqghptvoamthzoluzhenhx/Build/Intermediates.noindex/AvoidObstaclesGame.build/Debug-iphonesimulator/AvoidObstaclesGame.build/Objects-normal/arm64/AvoidObstaclesGame.SwiftFileList -DDEBUG -enable-bare-slash-regex -enable-experimental-feature DebugDescriptionMacro -sdk /Applications/Xcode-beta.app/Contents/Developer/Platforms/iPhoneSimulator.platform/Developer/SDKs/iPhoneSimulator26.2.sdk -target arm64-apple-ios26.0-simulator -g -module-cache-path /Users/danielstevens/Library/Developer/Xcode/DerivedData/ModuleCache.noindex -Xfrontend -serialize-debugging-options -enable-testing -index-store-path /Users/danielstevens/Library/Developer/Xcode/DerivedData/AvoidObstaclesGame-ftcaflfqghptvoamthzoluzhenhx/Index.noindex/DataStore -Xcc -D_LIBCPP_HARDENING_MODE\=_LIBCPP_HARDENING_MODE_DEBUG -swift-version 5 -I /Users/danielstevens/Library/Developer/Xcode/DerivedData/AvoidObstaclesGame-ftcaflfqghptvoamthzoluzhenhx/Build/Products/Debug-iphonesimulator -F /Users/danielstevens/Library/Developer/Xcode/DerivedData/AvoidObstaclesGame-ftcaflfqghptvoamthzoluzhenhx/Build/Products/Debug-iphonesimulator -emit-localized-strings -emit-localized-strings-path /Users/danielstevens/Library/Developer/Xcode/DerivedData/AvoidObstaclesGame-ftcaflfqghptvoamthzoluzhenhx/Build/Intermediates.noindex/AvoidObstaclesGame.build/Debug-iphonesimulator/AvoidObstaclesGame.build/Objects-normal/arm64 -c -j10 -enable-batch-mode -incremental -Xcc -ivfsstatcache -Xcc /Users/danielstevens/Library/Developer/Xcode/DerivedData/SDKStatCaches.noindex/iphonesimulator26.2-23C5027e-c6bb09c85eeb1a59968f08cee6a58242.sdkstatcache -output-file-map /Users/danielstevens/Library/Developer/Xcode/DerivedData/AvoidObstaclesGame-ftcaflfqghptvoamthzoluzhenhx/Build/Intermediates.noindex/AvoidObstaclesGame.build/Debug-iphonesimulator/AvoidObstaclesGame.build/Objects-normal/arm64/AvoidObstaclesGame-OutputFileMap.json -use-frontend-parseable-output -save-temps -no-color-diagnostics -explicit-module-build -module-cache-path /Users/danielstevens/Library/Developer/Xcode/DerivedData/AvoidObstaclesGame-ftcaflfqghptvoamthzoluzhenhx/Build/Intermediates.noindex/SwiftExplicitPrecompiledModules -clang-scanner-module-cache-path /Users/danielstevens/Library/Developer/Xcode/DerivedData/ModuleCache.noindex -sdk-module-cache-path /Users/danielstevens/Library/Developer/Xcode/DerivedData/ModuleCache.noindex -serialize-diagnostics -emit-dependencies -emit-module -emit-module-path /Users/danielstevens/Library/Developer/Xcode/DerivedData/AvoidObstaclesGame-ftcaflfqghptvoamthzoluzhenhx/Build/Intermediates.noindex/AvoidObstaclesGame.build/Debug-iphonesimulator/AvoidObstaclesGame.build/Objects-normal/arm64/AvoidObstaclesGame.swiftmodule -validate-clang-modules-once -clang-build-session-file /Users/danielstevens/Library/Developer/Xcode/DerivedData/ModuleCache.noindex/Session.modulevalidation -Xcc -I/Users/danielstevens/Library/Developer/Xcode/DerivedData/AvoidObstaclesGame-ftcaflfqghptvoamthzoluzhenhx/Build/Intermediates.noindex/AvoidObstaclesGame.build/Debug-iphonesimulator/AvoidObstaclesGame.build/swift-overrides.hmap -emit-const-values -Xfrontend -const-gather-protocols-file -Xfrontend /Users/danielstevens/Library/Developer/Xcode/DerivedData/AvoidObstaclesGame-ftcaflfqghptvoamthzoluzhenhx/Build/Intermediates.noindex/AvoidObstaclesGame.build/Debug-iphonesimulator/AvoidObstaclesGame.build/Objects-normal/arm64/AvoidObstaclesGame_const_extract_protocols.json -Xcc -iquote -Xcc /Users/danielstevens/Library/Developer/Xcode/DerivedData/AvoidObstaclesGame-ftcaflfqghptvoamthzoluzhenhx/Build/Intermediates.noindex/AvoidObstaclesGame.build/Debug-iphonesimulator/AvoidObstaclesGame.build/AvoidObstaclesGame-generated-files.hmap -Xcc -I/Users/danielstevens/Library/Developer/Xcode/DerivedData/AvoidObstaclesGame-ftcaflfqghptvoamthzoluzhenhx/Build/Intermediates.noindex/AvoidObstaclesGame.build/Debug-iphonesimulator/AvoidObstaclesGame.build/AvoidObstaclesGame-own-target-headers.hmap -Xcc -I/Users/danielstevens/Library/Developer/Xcode/DerivedData/AvoidObstaclesGame-ftcaflfqghptvoamthzoluzhenhx/Build/Intermediates.noindex/AvoidObstaclesGame.build/Debug-iphonesimulator/AvoidObstaclesGame.build/AvoidObstaclesGame-all-target-headers.hmap -Xcc -iquote -Xcc /Users/danielstevens/Library/Developer/Xcode/DerivedData/AvoidObstaclesGame-ftcaflfqghptvoamthzoluzhenhx/Build/Intermediates.noindex/AvoidObstaclesGame.build/Debug-iphonesimulator/AvoidObstaclesGame.build/AvoidObstaclesGame-project-headers.hmap -Xcc -I/Users/danielstevens/Library/Developer/Xcode/DerivedData/AvoidObstaclesGame-ftcaflfqghptvoamthzoluzhenhx/Build/Products/Debug-iphonesimulator/include -Xcc -I/Users/danielstevens/Library/Developer/Xcode/DerivedData/AvoidObstaclesGame-ftcaflfqghptvoamthzoluzhenhx/Build/Intermediates.noindex/AvoidObstaclesGame.build/Debug-iphonesimulator/AvoidObstaclesGame.build/DerivedSources-normal/arm64 -Xcc -I/Users/danielstevens/Library/Developer/Xcode/DerivedData/AvoidObstaclesGame-ftcaflfqghptvoamthzoluzhenhx/Build/Intermediates.noindex/AvoidObstaclesGame.build/Debug-iphonesimulator/AvoidObstaclesGame.build/DerivedSources/arm64 -Xcc -I/Users/danielstevens/Library/Developer/Xcode/DerivedData/AvoidObstaclesGame-ftcaflfqghptvoamthzoluzhenhx/Build/Intermediates.noindex/AvoidObstaclesGame.build/Debug-iphonesimulator/AvoidObstaclesGame.build/DerivedSources -Xcc -DDEBUG\=1 -emit-objc-header -emit-objc-header-path /Users/danielstevens/Library/Developer/Xcode/DerivedData/AvoidObstaclesGame-ftcaflfqghptvoamthzoluzhenhx/Build/Intermediates.noindex/AvoidObstaclesGame.build/Debug-iphonesimulator/AvoidObstaclesGame.build/Objects-normal/arm64/AvoidObstaclesGame-Swift.h -working-directory /Users/danielstevens/Desktop/github-projects/tools-automation/AvoidObstaclesGame -experimental-emit-module-separately -disable-cmo

Ld /Users/danielstevens/Library/Developer/Xcode/DerivedData/AvoidObstaclesGame-ftcaflfqghptvoamthzoluzhenhx/Build/Products/Debug-iphonesimulator/AvoidObstaclesGame.app/AvoidObstaclesGame.debug.dylib normal (in target 'AvoidObstaclesGame' from project 'AvoidObstaclesGame')
    cd /Users/danielstevens/Desktop/github-projects/tools-automation/AvoidObstaclesGame
    /Applications/Xcode-beta.app/Contents/Developer/Toolchains/XcodeDefault.xctoolchain/usr/bin/clang -Xlinker -reproducible -target arm64-apple-ios26.0-simulator -dynamiclib -isysroot /Applications/Xcode-beta.app/Contents/Developer/Platforms/iPhoneSimulator.platform/Developer/SDKs/iPhoneSimulator26.2.sdk -O0 -L/Users/danielstevens/Library/Developer/Xcode/DerivedData/AvoidObstaclesGame-ftcaflfqghptvoamthzoluzhenhx/Build/Intermediates.noindex/EagerLinkingTBDs/Debug-iphonesimulator -L/Users/danielstevens/Library/Developer/Xcode/DerivedData/AvoidObstaclesGame-ftcaflfqghptvoamthzoluzhenhx/Build/Products/Debug-iphonesimulator -F/Users/danielstevens/Library/Developer/Xcode/DerivedData/AvoidObstaclesGame-ftcaflfqghptvoamthzoluzhenhx/Build/Intermediates.noindex/EagerLinkingTBDs/Debug-iphonesimulator -F/Users/danielstevens/Library/Developer/Xcode/DerivedData/AvoidObstaclesGame-ftcaflfqghptvoamthzoluzhenhx/Build/Products/Debug-iphonesimulator -filelist /Users/danielstevens/Library/Developer/Xcode/DerivedData/AvoidObstaclesGame-ftcaflfqghptvoamthzoluzhenhx/Build/Intermediates.noindex/AvoidObstaclesGame.build/Debug-iphonesimulator/AvoidObstaclesGame.build/Objects-normal/arm64/AvoidObstaclesGame.LinkFileList -install_name @rpath/AvoidObstaclesGame.debug.dylib -Xlinker -rpath -Xlinker @executable_path/Frameworks -dead_strip -Xlinker -object_path_lto -Xlinker /Users/danielstevens/Library/Developer/Xcode/DerivedData/AvoidObstaclesGame-ftcaflfqghptvoamthzoluzhenhx/Build/Intermediates.noindex/AvoidObstaclesGame.build/Debug-iphonesimulator/AvoidObstaclesGame.build/Objects-normal/arm64/AvoidObstaclesGame_lto.o -rdynamic -Xlinker -no_deduplicate -Xlinker -objc_abi_version -Xlinker 2 -Xlinker -dependency_info -Xlinker /Users/danielstevens/Library/Developer/Xcode/DerivedData/AvoidObstaclesGame-ftcaflfqghptvoamthzoluzhenhx/Build/Intermediates.noindex/AvoidObstaclesGame.build/Debug-iphonesimulator/AvoidObstaclesGame.build/Objects-normal/arm64/AvoidObstaclesGame_dependency_info.dat -fobjc-link-runtime -L/Applications/Xcode-beta.app/Contents/Developer/Toolchains/XcodeDefault.xctoolchain/usr/lib/swift/iphonesimulator -L/usr/lib/swift -Xlinker -add_ast_path -Xlinker /Users/danielstevens/Library/Developer/Xcode/DerivedData/AvoidObstaclesGame-ftcaflfqghptvoamthzoluzhenhx/Build/Intermediates.noindex/AvoidObstaclesGame.build/Debug-iphonesimulator/AvoidObstaclesGame.build/Objects-normal/arm64/AvoidObstaclesGame.swiftmodule @/Users/danielstevens/Library/Developer/Xcode/DerivedData/AvoidObstaclesGame-ftcaflfqghptvoamthzoluzhenhx/Build/Intermediates.noindex/AvoidObstaclesGame.build/Debug-iphonesimulator/AvoidObstaclesGame.build/Objects-normal/arm64/AvoidObstaclesGame-linker-args.resp -Xlinker -alias -Xlinker _main -Xlinker ___debug_main_executable_dylib_entry_point -framework SpriteKit -Xlinker -no_adhoc_codesign -o /Users/danielstevens/Library/Developer/Xcode/DerivedData/AvoidObstaclesGame-ftcaflfqghptvoamthzoluzhenhx/Build/Products/Debug-iphonesimulator/AvoidObstaclesGame.app/AvoidObstaclesGame.debug.dylib

ProcessInfoPlistFile /Users/danielstevens/Library/Developer/Xcode/DerivedData/AvoidObstaclesGame-ftcaflfqghptvoamthzoluzhenhx/Build/Products/Debug-iphonesimulator/AvoidObstaclesGame.app/Info.plist /Users/danielstevens/Library/Developer/Xcode/DerivedData/AvoidObstaclesGame-ftcaflfqghptvoamthzoluzhenhx/Build/Intermediates.noindex/AvoidObstaclesGame.build/Debug-iphonesimulator/AvoidObstaclesGame.build/empty-AvoidObstaclesGame.plist (in target 'AvoidObstaclesGame' from project 'AvoidObstaclesGame')
    cd /Users/danielstevens/Desktop/github-projects/tools-automation/AvoidObstaclesGame
    builtin-infoPlistUtility /Users/danielstevens/Library/Developer/Xcode/DerivedData/AvoidObstaclesGame-ftcaflfqghptvoamthzoluzhenhx/Build/Intermediates.noindex/AvoidObstaclesGame.build/Debug-iphonesimulator/AvoidObstaclesGame.build/empty-AvoidObstaclesGame.plist -producttype com.apple.product-type.application -genpkginfo /Users/danielstevens/Library/Developer/Xcode/DerivedData/AvoidObstaclesGame-ftcaflfqghptvoamthzoluzhenhx/Build/Products/Debug-iphonesimulator/AvoidObstaclesGame.app/PkgInfo -expandbuildsettings -format binary -platform iphonesimulator -additionalcontentfile /Users/danielstevens/Library/Developer/Xcode/DerivedData/AvoidObstaclesGame-ftcaflfqghptvoamthzoluzhenhx/Build/Intermediates.noindex/AvoidObstaclesGame.build/Debug-iphonesimulator/AvoidObstaclesGame.build/assetcatalog_generated_info.plist -o /Users/danielstevens/Library/Developer/Xcode/DerivedData/AvoidObstaclesGame-ftcaflfqghptvoamthzoluzhenhx/Build/Products/Debug-iphonesimulator/AvoidObstaclesGame.app/Info.plist

ConstructStubExecutorLinkFileList /Users/danielstevens/Library/Developer/Xcode/DerivedData/AvoidObstaclesGame-ftcaflfqghptvoamthzoluzhenhx/Build/Intermediates.noindex/AvoidObstaclesGame.build/Debug-iphonesimulator/AvoidObstaclesGame.build/AvoidObstaclesGame-ExecutorLinkFileList-normal-arm64.txt (in target 'AvoidObstaclesGame' from project 'AvoidObstaclesGame')
    cd /Users/danielstevens/Desktop/github-projects/tools-automation/AvoidObstaclesGame
    construct-stub-executor-link-file-list /Users/danielstevens/Library/Developer/Xcode/DerivedData/AvoidObstaclesGame-ftcaflfqghptvoamthzoluzhenhx/Build/Products/Debug-iphonesimulator/AvoidObstaclesGame.app/AvoidObstaclesGame.debug.dylib /Applications/Xcode-beta.app/Contents/Developer/Platforms/iPhoneSimulator.platform/Developer/usr/lib/libPreviewsJITStubExecutor_no_swift_entry_point.a /Applications/Xcode-beta.app/Contents/Developer/Platforms/iPhoneSimulator.platform/Developer/usr/lib/libPreviewsJITStubExecutor.a --output /Users/danielstevens/Library/Developer/Xcode/DerivedData/AvoidObstaclesGame-ftcaflfqghptvoamthzoluzhenhx/Build/Intermediates.noindex/AvoidObstaclesGame.build/Debug-iphonesimulator/AvoidObstaclesGame.build/AvoidObstaclesGame-ExecutorLinkFileList-normal-arm64.txt
note: Using stub executor library with Swift entry point. (in target 'AvoidObstaclesGame' from project 'AvoidObstaclesGame')

Ld /Users/danielstevens/Library/Developer/Xcode/DerivedData/AvoidObstaclesGame-ftcaflfqghptvoamthzoluzhenhx/Build/Products/Debug-iphonesimulator/AvoidObstaclesGame.app/AvoidObstaclesGame normal (in target 'AvoidObstaclesGame' from project 'AvoidObstaclesGame')
    cd /Users/danielstevens/Desktop/github-projects/tools-automation/AvoidObstaclesGame
    /Applications/Xcode-beta.app/Contents/Developer/Toolchains/XcodeDefault.xctoolchain/usr/bin/clang -Xlinker -reproducible -target arm64-apple-ios26.0-simulator -isysroot /Applications/Xcode-beta.app/Contents/Developer/Platforms/iPhoneSimulator.platform/Developer/SDKs/iPhoneSimulator26.2.sdk -O0 -L/Users/danielstevens/Library/Developer/Xcode/DerivedData/AvoidObstaclesGame-ftcaflfqghptvoamthzoluzhenhx/Build/Products/Debug-iphonesimulator -F/Users/danielstevens/Library/Developer/Xcode/DerivedData/AvoidObstaclesGame-ftcaflfqghptvoamthzoluzhenhx/Build/Products/Debug-iphonesimulator -Xlinker -rpath -Xlinker @executable_path -Xlinker -rpath -Xlinker @executable_path/Frameworks -rdynamic -Xlinker -no_deduplicate -Xlinker -objc_abi_version -Xlinker 2 -e ___debug_blank_executor_main -Xlinker -sectcreate -Xlinker __TEXT -Xlinker __debug_dylib -Xlinker /Users/danielstevens/Library/Developer/Xcode/DerivedData/AvoidObstaclesGame-ftcaflfqghptvoamthzoluzhenhx/Build/Intermediates.noindex/AvoidObstaclesGame.build/Debug-iphonesimulator/AvoidObstaclesGame.build/AvoidObstaclesGame-DebugDylibPath-normal-arm64.txt -Xlinker -sectcreate -Xlinker __TEXT -Xlinker __debug_instlnm -Xlinker /Users/danielstevens/Library/Developer/Xcode/DerivedData/AvoidObstaclesGame-ftcaflfqghptvoamthzoluzhenhx/Build/Intermediates.noindex/AvoidObstaclesGame.build/Debug-iphonesimulator/AvoidObstaclesGame.build/AvoidObstaclesGame-DebugDylibInstallName-normal-arm64.txt -Xlinker -filelist -Xlinker /Users/danielstevens/Library/Developer/Xcode/DerivedData/AvoidObstaclesGame-ftcaflfqghptvoamthzoluzhenhx/Build/Intermediates.noindex/AvoidObstaclesGame.build/Debug-iphonesimulator/AvoidObstaclesGame.build/AvoidObstaclesGame-ExecutorLinkFileList-normal-arm64.txt -Xlinker -sectcreate -Xlinker __TEXT -Xlinker __entitlements -Xlinker /Users/danielstevens/Library/Developer/Xcode/DerivedData/AvoidObstaclesGame-ftcaflfqghptvoamthzoluzhenhx/Build/Intermediates.noindex/AvoidObstaclesGame.build/Debug-iphonesimulator/AvoidObstaclesGame.build/AvoidObstaclesGame.app-Simulated.xcent -Xlinker -sectcreate -Xlinker __TEXT -Xlinker __ents_der -Xlinker /Users/danielstevens/Library/Developer/Xcode/DerivedData/AvoidObstaclesGame-ftcaflfqghptvoamthzoluzhenhx/Build/Intermediates.noindex/AvoidObstaclesGame.build/Debug-iphonesimulator/AvoidObstaclesGame.build/AvoidObstaclesGame.app-Simulated.xcent.der /Users/danielstevens/Library/Developer/Xcode/DerivedData/AvoidObstaclesGame-ftcaflfqghptvoamthzoluzhenhx/Build/Products/Debug-iphonesimulator/AvoidObstaclesGame.app/AvoidObstaclesGame.debug.dylib -Xlinker -no_adhoc_codesign -o /Users/danielstevens/Library/Developer/Xcode/DerivedData/AvoidObstaclesGame-ftcaflfqghptvoamthzoluzhenhx/Build/Products/Debug-iphonesimulator/AvoidObstaclesGame.app/AvoidObstaclesGame

ExtractAppIntentsMetadata (in target 'AvoidObstaclesGame' from project 'AvoidObstaclesGame')
    cd /Users/danielstevens/Desktop/github-projects/tools-automation/AvoidObstaclesGame
    /Applications/Xcode-beta.app/Contents/Developer/Toolchains/XcodeDefault.xctoolchain/usr/bin/appintentsmetadataprocessor --toolchain-dir /Applications/Xcode-beta.app/Contents/Developer/Toolchains/XcodeDefault.xctoolchain --module-name AvoidObstaclesGame --sdk-root /Applications/Xcode-beta.app/Contents/Developer/Platforms/iPhoneSimulator.platform/Developer/SDKs/iPhoneSimulator26.2.sdk --xcode-version 17C5013i --platform-family iOS --deployment-target 26.0 --bundle-identifier com.DanielStevens.AvoidObstaclesGame --output /Users/danielstevens/Library/Developer/Xcode/DerivedData/AvoidObstaclesGame-ftcaflfqghptvoamthzoluzhenhx/Build/Products/Debug-iphonesimulator/AvoidObstaclesGame.app --target-triple arm64-apple-ios26.0-simulator --binary-file /Users/danielstevens/Library/Developer/Xcode/DerivedData/AvoidObstaclesGame-ftcaflfqghptvoamthzoluzhenhx/Build/Products/Debug-iphonesimulator/AvoidObstaclesGame.app/AvoidObstaclesGame --dependency-file /Users/danielstevens/Library/Developer/Xcode/DerivedData/AvoidObstaclesGame-ftcaflfqghptvoamthzoluzhenhx/Build/Intermediates.noindex/AvoidObstaclesGame.build/Debug-iphonesimulator/AvoidObstaclesGame.build/Objects-normal/arm64/AvoidObstaclesGame_dependency_info.dat --stringsdata-file /Users/danielstevens/Library/Developer/Xcode/DerivedData/AvoidObstaclesGame-ftcaflfqghptvoamthzoluzhenhx/Build/Intermediates.noindex/AvoidObstaclesGame.build/Debug-iphonesimulator/AvoidObstaclesGame.build/Objects-normal/arm64/ExtractedAppShortcutsMetadata.stringsdata --source-file-list /Users/danielstevens/Library/Developer/Xcode/DerivedData/AvoidObstaclesGame-ftcaflfqghptvoamthzoluzhenhx/Build/Intermediates.noindex/AvoidObstaclesGame.build/Debug-iphonesimulator/AvoidObstaclesGame.build/Objects-normal/arm64/AvoidObstaclesGame.SwiftFileList --metadata-file-list /Users/danielstevens/Library/Developer/Xcode/DerivedData/AvoidObstaclesGame-ftcaflfqghptvoamthzoluzhenhx/Build/Intermediates.noindex/AvoidObstaclesGame.build/Debug-iphonesimulator/AvoidObstaclesGame.build/AvoidObstaclesGame.DependencyMetadataFileList --static-metadata-file-list /Users/danielstevens/Library/Developer/Xcode/DerivedData/AvoidObstaclesGame-ftcaflfqghptvoamthzoluzhenhx/Build/Intermediates.noindex/AvoidObstaclesGame.build/Debug-iphonesimulator/AvoidObstaclesGame.build/AvoidObstaclesGame.DependencyStaticMetadataFileList --swift-const-vals-list /Users/danielstevens/Library/Developer/Xcode/DerivedData/AvoidObstaclesGame-ftcaflfqghptvoamthzoluzhenhx/Build/Intermediates.noindex/AvoidObstaclesGame.build/Debug-iphonesimulator/AvoidObstaclesGame.build/Objects-normal/arm64/AvoidObstaclesGame.SwiftConstValuesFileList --compile-time-extraction --deployment-aware-processing --validate-assistant-intents --no-app-shortcuts-localization
2025-12-07 16:56:00.621 appintentsmetadataprocessor[19444:12862646] Starting appintentsmetadataprocessor export
2025-12-07 16:56:00.623 appintentsmetadataprocessor[19444:12862646] warning: Metadata extraction skipped. No AppIntents.framework dependency found.

CopySwiftLibs /Users/danielstevens/Library/Developer/Xcode/DerivedData/AvoidObstaclesGame-ftcaflfqghptvoamthzoluzhenhx/Build/Products/Debug-iphonesimulator/AvoidObstaclesGame.app (in target 'AvoidObstaclesGame' from project 'AvoidObstaclesGame')
    cd /Users/danielstevens/Desktop/github-projects/tools-automation/AvoidObstaclesGame
    builtin-swiftStdLibTool --copy --verbose --sign - --scan-executable /Users/danielstevens/Library/Developer/Xcode/DerivedData/AvoidObstaclesGame-ftcaflfqghptvoamthzoluzhenhx/Build/Products/Debug-iphonesimulator/AvoidObstaclesGame.app/AvoidObstaclesGame.debug.dylib --scan-folder /Users/danielstevens/Library/Developer/Xcode/DerivedData/AvoidObstaclesGame-ftcaflfqghptvoamthzoluzhenhx/Build/Products/Debug-iphonesimulator/AvoidObstaclesGame.app/Frameworks --scan-folder /Users/danielstevens/Library/Developer/Xcode/DerivedData/AvoidObstaclesGame-ftcaflfqghptvoamthzoluzhenhx/Build/Products/Debug-iphonesimulator/AvoidObstaclesGame.app/PlugIns --scan-folder /Users/danielstevens/Library/Developer/Xcode/DerivedData/AvoidObstaclesGame-ftcaflfqghptvoamthzoluzhenhx/Build/Products/Debug-iphonesimulator/AvoidObstaclesGame.app/SystemExtensions --scan-folder /Users/danielstevens/Library/Developer/Xcode/DerivedData/AvoidObstaclesGame-ftcaflfqghptvoamthzoluzhenhx/Build/Products/Debug-iphonesimulator/AvoidObstaclesGame.app/Extensions --scan-folder /Applications/Xcode-beta.app/Contents/Developer/Platforms/iPhoneSimulator.platform/Developer/SDKs/iPhoneSimulator26.2.sdk/System/Library/Frameworks/SpriteKit.framework --platform iphonesimulator --toolchain /Applications/Xcode-beta.app/Contents/Developer/Toolchains/XcodeDefault.xctoolchain --destination /Users/danielstevens/Library/Developer/Xcode/DerivedData/AvoidObstaclesGame-ftcaflfqghptvoamthzoluzhenhx/Build/Products/Debug-iphonesimulator/AvoidObstaclesGame.app/Frameworks --strip-bitcode --strip-bitcode-tool /Applications/Xcode-beta.app/Contents/Developer/Toolchains/XcodeDefault.xctoolchain/usr/bin/bitcode_strip --emit-dependency-info /Users/danielstevens/Library/Developer/Xcode/DerivedData/AvoidObstaclesGame-ftcaflfqghptvoamthzoluzhenhx/Build/Intermediates.noindex/AvoidObstaclesGame.build/Debug-iphonesimulator/AvoidObstaclesGame.build/SwiftStdLibToolInputDependencies.dep --filter-for-swift-os

Ld /Users/danielstevens/Library/Developer/Xcode/DerivedData/AvoidObstaclesGame-ftcaflfqghptvoamthzoluzhenhx/Build/Products/Debug-iphonesimulator/AvoidObstaclesGame.app/PlugIns/AvoidObstaclesGameTests.xctest/AvoidObstaclesGameTests normal (in target 'AvoidObstaclesGameTests' from project 'AvoidObstaclesGame')
    cd /Users/danielstevens/Desktop/github-projects/tools-automation/AvoidObstaclesGame
    /Applications/Xcode-beta.app/Contents/Developer/Toolchains/XcodeDefault.xctoolchain/usr/bin/clang -Xlinker -reproducible -target arm64-apple-ios26.0-simulator -bundle -isysroot /Applications/Xcode-beta.app/Contents/Developer/Platforms/iPhoneSimulator.platform/Developer/SDKs/iPhoneSimulator26.2.sdk -O0 -L/Users/danielstevens/Library/Developer/Xcode/DerivedData/AvoidObstaclesGame-ftcaflfqghptvoamthzoluzhenhx/Build/Intermediates.noindex/EagerLinkingTBDs/Debug-iphonesimulator -L/Users/danielstevens/Library/Developer/Xcode/DerivedData/AvoidObstaclesGame-ftcaflfqghptvoamthzoluzhenhx/Build/Products/Debug-iphonesimulator -L/Applications/Xcode-beta.app/Contents/Developer/Platforms/iPhoneSimulator.platform/Developer/usr/lib -F/Users/danielstevens/Library/Developer/Xcode/DerivedData/AvoidObstaclesGame-ftcaflfqghptvoamthzoluzhenhx/Build/Intermediates.noindex/EagerLinkingTBDs/Debug-iphonesimulator -F/Users/danielstevens/Library/Developer/Xcode/DerivedData/AvoidObstaclesGame-ftcaflfqghptvoamthzoluzhenhx/Build/Products/Debug-iphonesimulator -iframework /Applications/Xcode-beta.app/Contents/Developer/Platforms/iPhoneSimulator.platform/Developer/Library/Frameworks -iframework /Applications/Xcode-beta.app/Contents/Developer/Platforms/iPhoneSimulator.platform/Developer/SDKs/iPhoneSimulator26.2.sdk/Developer/Library/Frameworks -filelist /Users/danielstevens/Library/Developer/Xcode/DerivedData/AvoidObstaclesGame-ftcaflfqghptvoamthzoluzhenhx/Build/Intermediates.noindex/AvoidObstaclesGame.build/Debug-iphonesimulator/AvoidObstaclesGameTests.build/Objects-normal/arm64/AvoidObstaclesGameTests.LinkFileList -Xlinker -rpath -Xlinker @loader_path/Frameworks -Xlinker -rpath -Xlinker @executable_path/Frameworks -dead_strip -bundle_loader /Users/danielstevens/Library/Developer/Xcode/DerivedData/AvoidObstaclesGame-ftcaflfqghptvoamthzoluzhenhx/Build/Products/Debug-iphonesimulator/AvoidObstaclesGame.app/AvoidObstaclesGame -Xlinker -object_path_lto -Xlinker /Users/danielstevens/Library/Developer/Xcode/DerivedData/AvoidObstaclesGame-ftcaflfqghptvoamthzoluzhenhx/Build/Intermediates.noindex/AvoidObstaclesGame.build/Debug-iphonesimulator/AvoidObstaclesGameTests.build/Objects-normal/arm64/AvoidObstaclesGameTests_lto.o -rdynamic -Xlinker -no_deduplicate -Xlinker -objc_abi_version -Xlinker 2 -Xlinker -dependency_info -Xlinker /Users/danielstevens/Library/Developer/Xcode/DerivedData/AvoidObstaclesGame-ftcaflfqghptvoamthzoluzhenhx/Build/Intermediates.noindex/AvoidObstaclesGame.build/Debug-iphonesimulator/AvoidObstaclesGameTests.build/Objects-normal/arm64/AvoidObstaclesGameTests_dependency_info.dat -fobjc-link-runtime -L/Applications/Xcode-beta.app/Contents/Developer/Toolchains/XcodeDefault.xctoolchain/usr/lib/swift/iphonesimulator -L/usr/lib/swift -Xlinker -add_ast_path -Xlinker /Users/danielstevens/Library/Developer/Xcode/DerivedData/AvoidObstaclesGame-ftcaflfqghptvoamthzoluzhenhx/Build/Intermediates.noindex/AvoidObstaclesGame.build/Debug-iphonesimulator/AvoidObstaclesGameTests.build/Objects-normal/arm64/AvoidObstaclesGameTests.swiftmodule @/Users/danielstevens/Library/Developer/Xcode/DerivedData/AvoidObstaclesGame-ftcaflfqghptvoamthzoluzhenhx/Build/Intermediates.noindex/AvoidObstaclesGame.build/Debug-iphonesimulator/AvoidObstaclesGameTests.build/Objects-normal/arm64/AvoidObstaclesGameTests-linker-args.resp -Xlinker -needed_framework -Xlinker XCTest -framework XCTest -Xlinker -needed-lXCTestSwiftSupport -lXCTestSwiftSupport -framework SpriteKit /Users/danielstevens/Library/Developer/Xcode/DerivedData/AvoidObstaclesGame-ftcaflfqghptvoamthzoluzhenhx/Build/Products/Debug-iphonesimulator/AvoidObstaclesGame.app/AvoidObstaclesGame.debug.dylib -Xlinker -no_adhoc_codesign -o /Users/danielstevens/Library/Developer/Xcode/DerivedData/AvoidObstaclesGame-ftcaflfqghptvoamthzoluzhenhx/Build/Products/Debug-iphonesimulator/AvoidObstaclesGame.app/PlugIns/AvoidObstaclesGameTests.xctest/AvoidObstaclesGameTests

ExtractAppIntentsMetadata (in target 'AvoidObstaclesGameTests' from project 'AvoidObstaclesGame')
    cd /Users/danielstevens/Desktop/github-projects/tools-automation/AvoidObstaclesGame
    /Applications/Xcode-beta.app/Contents/Developer/Toolchains/XcodeDefault.xctoolchain/usr/bin/appintentsmetadataprocessor --toolchain-dir /Applications/Xcode-beta.app/Contents/Developer/Toolchains/XcodeDefault.xctoolchain --module-name AvoidObstaclesGameTests --sdk-root /Applications/Xcode-beta.app/Contents/Developer/Platforms/iPhoneSimulator.platform/Developer/SDKs/iPhoneSimulator26.2.sdk --xcode-version 17C5013i --platform-family iOS --deployment-target 26.0 --bundle-identifier com.DanielStevens.AvoidObstaclesGameTests --output /Users/danielstevens/Library/Developer/Xcode/DerivedData/AvoidObstaclesGame-ftcaflfqghptvoamthzoluzhenhx/Build/Products/Debug-iphonesimulator/AvoidObstaclesGame.app/PlugIns/AvoidObstaclesGameTests.xctest --target-triple arm64-apple-ios26.0-simulator --binary-file /Users/danielstevens/Library/Developer/Xcode/DerivedData/AvoidObstaclesGame-ftcaflfqghptvoamthzoluzhenhx/Build/Products/Debug-iphonesimulator/AvoidObstaclesGame.app/PlugIns/AvoidObstaclesGameTests.xctest/AvoidObstaclesGameTests --dependency-file /Users/danielstevens/Library/Developer/Xcode/DerivedData/AvoidObstaclesGame-ftcaflfqghptvoamthzoluzhenhx/Build/Intermediates.noindex/AvoidObstaclesGame.build/Debug-iphonesimulator/AvoidObstaclesGameTests.build/Objects-normal/arm64/AvoidObstaclesGameTests_dependency_info.dat --stringsdata-file /Users/danielstevens/Library/Developer/Xcode/DerivedData/AvoidObstaclesGame-ftcaflfqghptvoamthzoluzhenhx/Build/Intermediates.noindex/AvoidObstaclesGame.build/Debug-iphonesimulator/AvoidObstaclesGameTests.build/Objects-normal/arm64/ExtractedAppShortcutsMetadata.stringsdata --source-file-list /Users/danielstevens/Library/Developer/Xcode/DerivedData/AvoidObstaclesGame-ftcaflfqghptvoamthzoluzhenhx/Build/Intermediates.noindex/AvoidObstaclesGame.build/Debug-iphonesimulator/AvoidObstaclesGameTests.build/Objects-normal/arm64/AvoidObstaclesGameTests.SwiftFileList --metadata-file-list /Users/danielstevens/Library/Developer/Xcode/DerivedData/AvoidObstaclesGame-ftcaflfqghptvoamthzoluzhenhx/Build/Intermediates.noindex/AvoidObstaclesGame.build/Debug-iphonesimulator/AvoidObstaclesGameTests.build/AvoidObstaclesGameTests.DependencyMetadataFileList --static-metadata-file-list /Users/danielstevens/Library/Developer/Xcode/DerivedData/AvoidObstaclesGame-ftcaflfqghptvoamthzoluzhenhx/Build/Intermediates.noindex/AvoidObstaclesGame.build/Debug-iphonesimulator/AvoidObstaclesGameTests.build/AvoidObstaclesGameTests.DependencyStaticMetadataFileList --swift-const-vals-list /Users/danielstevens/Library/Developer/Xcode/DerivedData/AvoidObstaclesGame-ftcaflfqghptvoamthzoluzhenhx/Build/Intermediates.noindex/AvoidObstaclesGame.build/Debug-iphonesimulator/AvoidObstaclesGameTests.build/Objects-normal/arm64/AvoidObstaclesGameTests.SwiftConstValuesFileList --compile-time-extraction --deployment-aware-processing --validate-assistant-intents --no-app-shortcuts-localization
2025-12-07 16:56:00.978 appintentsmetadataprocessor[19459:12862690] Starting appintentsmetadataprocessor export
2025-12-07 16:56:00.979 appintentsmetadataprocessor[19459:12862690] warning: Metadata extraction skipped. No AppIntents.framework dependency found.

ProcessInfoPlistFile /Users/danielstevens/Library/Developer/Xcode/DerivedData/AvoidObstaclesGame-ftcaflfqghptvoamthzoluzhenhx/Build/Products/Debug-iphonesimulator/AvoidObstaclesGame.app/PlugIns/AvoidObstaclesGameTests.xctest/Info.plist /Users/danielstevens/Library/Developer/Xcode/DerivedData/AvoidObstaclesGame-ftcaflfqghptvoamthzoluzhenhx/Build/Intermediates.noindex/AvoidObstaclesGame.build/Debug-iphonesimulator/AvoidObstaclesGameTests.build/empty-AvoidObstaclesGameTests.plist (in target 'AvoidObstaclesGameTests' from project 'AvoidObstaclesGame')
    cd /Users/danielstevens/Desktop/github-projects/tools-automation/AvoidObstaclesGame
    builtin-infoPlistUtility /Users/danielstevens/Library/Developer/Xcode/DerivedData/AvoidObstaclesGame-ftcaflfqghptvoamthzoluzhenhx/Build/Intermediates.noindex/AvoidObstaclesGame.build/Debug-iphonesimulator/AvoidObstaclesGameTests.build/empty-AvoidObstaclesGameTests.plist -producttype com.apple.product-type.bundle.unit-test -expandbuildsettings -format binary -platform iphonesimulator -o /Users/danielstevens/Library/Developer/Xcode/DerivedData/AvoidObstaclesGame-ftcaflfqghptvoamthzoluzhenhx/Build/Products/Debug-iphonesimulator/AvoidObstaclesGame.app/PlugIns/AvoidObstaclesGameTests.xctest/Info.plist

SwiftDriver AvoidObstaclesGameUITests normal arm64 com.apple.xcode.tools.swift.compiler (in target 'AvoidObstaclesGameUITests' from project 'AvoidObstaclesGame')
    cd /Users/danielstevens/Desktop/github-projects/tools-automation/AvoidObstaclesGame
    builtin-SwiftDriver -- /Applications/Xcode-beta.app/Contents/Developer/Toolchains/XcodeDefault.xctoolchain/usr/bin/swiftc -module-name AvoidObstaclesGameUITests -Onone -enforce-exclusivity\=checked @/Users/danielstevens/Library/Developer/Xcode/DerivedData/AvoidObstaclesGame-ftcaflfqghptvoamthzoluzhenhx/Build/Intermediates.noindex/AvoidObstaclesGame.build/Debug-iphonesimulator/AvoidObstaclesGameUITests.build/Objects-normal/arm64/AvoidObstaclesGameUITests.SwiftFileList -DDEBUG -module-alias Testing\=_Testing_Unavailable -plugin-path /Applications/Xcode-beta.app/Contents/Developer/Toolchains/XcodeDefault.xctoolchain/usr/lib/swift/host/plugins/testing -enable-bare-slash-regex -enable-experimental-feature DebugDescriptionMacro -sdk /Applications/Xcode-beta.app/Contents/Developer/Platforms/iPhoneSimulator.platform/Developer/SDKs/iPhoneSimulator26.2.sdk -target arm64-apple-ios26.0-simulator -g -module-cache-path /Users/danielstevens/Library/Developer/Xcode/DerivedData/ModuleCache.noindex -Xfrontend -serialize-debugging-options -enable-testing -index-store-path /Users/danielstevens/Library/Developer/Xcode/DerivedData/AvoidObstaclesGame-ftcaflfqghptvoamthzoluzhenhx/Index.noindex/DataStore -Xcc -D_LIBCPP_HARDENING_MODE\=_LIBCPP_HARDENING_MODE_DEBUG -swift-version 5 -I /Users/danielstevens/Library/Developer/Xcode/DerivedData/AvoidObstaclesGame-ftcaflfqghptvoamthzoluzhenhx/Build/Products/Debug-iphonesimulator -Isystem /Applications/Xcode-beta.app/Contents/Developer/Platforms/iPhoneSimulator.platform/Developer/usr/lib -F /Users/danielstevens/Library/Developer/Xcode/DerivedData/AvoidObstaclesGame-ftcaflfqghptvoamthzoluzhenhx/Build/Products/Debug-iphonesimulator -F /Applications/Xcode-beta.app/Contents/Developer/Platforms/iPhoneSimulator.platform/Developer/Library/Frameworks -F /Applications/Xcode-beta.app/Contents/Developer/Platforms/iPhoneSimulator.platform/Developer/SDKs/iPhoneSimulator26.2.sdk/Developer/Library/Frameworks -c -j10 -enable-batch-mode -incremental -Xcc -ivfsstatcache -Xcc /Users/danielstevens/Library/Developer/Xcode/DerivedData/SDKStatCaches.noindex/iphonesimulator26.2-23C5027e-c6bb09c85eeb1a59968f08cee6a58242.sdkstatcache -output-file-map /Users/danielstevens/Library/Developer/Xcode/DerivedData/AvoidObstaclesGame-ftcaflfqghptvoamthzoluzhenhx/Build/Intermediates.noindex/AvoidObstaclesGame.build/Debug-iphonesimulator/AvoidObstaclesGameUITests.build/Objects-normal/arm64/AvoidObstaclesGameUITests-OutputFileMap.json -use-frontend-parseable-output -save-temps -no-color-diagnostics -explicit-module-build -module-cache-path /Users/danielstevens/Library/Developer/Xcode/DerivedData/AvoidObstaclesGame-ftcaflfqghptvoamthzoluzhenhx/Build/Intermediates.noindex/SwiftExplicitPrecompiledModules -clang-scanner-module-cache-path /Users/danielstevens/Library/Developer/Xcode/DerivedData/ModuleCache.noindex -sdk-module-cache-path /Users/danielstevens/Library/Developer/Xcode/DerivedData/ModuleCache.noindex -serialize-diagnostics -emit-dependencies -emit-module -emit-module-path /Users/danielstevens/Library/Developer/Xcode/DerivedData/AvoidObstaclesGame-ftcaflfqghptvoamthzoluzhenhx/Build/Intermediates.noindex/AvoidObstaclesGame.build/Debug-iphonesimulator/AvoidObstaclesGameUITests.build/Objects-normal/arm64/AvoidObstaclesGameUITests.swiftmodule -validate-clang-modules-once -clang-build-session-file /Users/danielstevens/Library/Developer/Xcode/DerivedData/ModuleCache.noindex/Session.modulevalidation -Xcc -I/Users/danielstevens/Library/Developer/Xcode/DerivedData/AvoidObstaclesGame-ftcaflfqghptvoamthzoluzhenhx/Build/Intermediates.noindex/AvoidObstaclesGame.build/Debug-iphonesimulator/AvoidObstaclesGameUITests.build/swift-overrides.hmap -emit-const-values -Xfrontend -const-gather-protocols-file -Xfrontend /Users/danielstevens/Library/Developer/Xcode/DerivedData/AvoidObstaclesGame-ftcaflfqghptvoamthzoluzhenhx/Build/Intermediates.noindex/AvoidObstaclesGame.build/Debug-iphonesimulator/AvoidObstaclesGameUITests.build/Objects-normal/arm64/AvoidObstaclesGameUITests_const_extract_protocols.json -Xcc -iquote -Xcc /Users/danielstevens/Library/Developer/Xcode/DerivedData/AvoidObstaclesGame-ftcaflfqghptvoamthzoluzhenhx/Build/Intermediates.noindex/AvoidObstaclesGame.build/Debug-iphonesimulator/AvoidObstaclesGameUITests.build/AvoidObstaclesGameUITests-generated-files.hmap -Xcc -I/Users/danielstevens/Library/Developer/Xcode/DerivedData/AvoidObstaclesGame-ftcaflfqghptvoamthzoluzhenhx/Build/Intermediates.noindex/AvoidObstaclesGame.build/Debug-iphonesimulator/AvoidObstaclesGameUITests.build/AvoidObstaclesGameUITests-own-target-headers.hmap -Xcc -I/Users/danielstevens/Library/Developer/Xcode/DerivedData/AvoidObstaclesGame-ftcaflfqghptvoamthzoluzhenhx/Build/Intermediates.noindex/AvoidObstaclesGame.build/Debug-iphonesimulator/AvoidObstaclesGameUITests.build/AvoidObstaclesGameUITests-all-target-headers.hmap -Xcc -iquote -Xcc /Users/danielstevens/Library/Developer/Xcode/DerivedData/AvoidObstaclesGame-ftcaflfqghptvoamthzoluzhenhx/Build/Intermediates.noindex/AvoidObstaclesGame.build/Debug-iphonesimulator/AvoidObstaclesGameUITests.build/AvoidObstaclesGameUITests-project-headers.hmap -Xcc -I/Users/danielstevens/Library/Developer/Xcode/DerivedData/AvoidObstaclesGame-ftcaflfqghptvoamthzoluzhenhx/Build/Products/Debug-iphonesimulator/include -Xcc -I/Users/danielstevens/Library/Developer/Xcode/DerivedData/AvoidObstaclesGame-ftcaflfqghptvoamthzoluzhenhx/Build/Intermediates.noindex/AvoidObstaclesGame.build/Debug-iphonesimulator/AvoidObstaclesGameUITests.build/DerivedSources-normal/arm64 -Xcc -I/Users/danielstevens/Library/Developer/Xcode/DerivedData/AvoidObstaclesGame-ftcaflfqghptvoamthzoluzhenhx/Build/Intermediates.noindex/AvoidObstaclesGame.build/Debug-iphonesimulator/AvoidObstaclesGameUITests.build/DerivedSources/arm64 -Xcc -I/Users/danielstevens/Library/Developer/Xcode/DerivedData/AvoidObstaclesGame-ftcaflfqghptvoamthzoluzhenhx/Build/Intermediates.noindex/AvoidObstaclesGame.build/Debug-iphonesimulator/AvoidObstaclesGameUITests.build/DerivedSources -Xcc -DDEBUG\=1 -emit-objc-header -emit-objc-header-path /Users/danielstevens/Library/Developer/Xcode/DerivedData/AvoidObstaclesGame-ftcaflfqghptvoamthzoluzhenhx/Build/Intermediates.noindex/AvoidObstaclesGame.build/Debug-iphonesimulator/AvoidObstaclesGameUITests.build/Objects-normal/arm64/AvoidObstaclesGameUITests-Swift.h -working-directory /Users/danielstevens/Desktop/github-projects/tools-automation/AvoidObstaclesGame -experimental-emit-module-separately -disable-cmo

CopySwiftLibs /Users/danielstevens/Library/Developer/Xcode/DerivedData/AvoidObstaclesGame-ftcaflfqghptvoamthzoluzhenhx/Build/Products/Debug-iphonesimulator/AvoidObstaclesGame.app/PlugIns/AvoidObstaclesGameTests.xctest (in target 'AvoidObstaclesGameTests' from project 'AvoidObstaclesGame')
    cd /Users/danielstevens/Desktop/github-projects/tools-automation/AvoidObstaclesGame
    builtin-swiftStdLibTool --copy --verbose --sign - --scan-executable /Users/danielstevens/Library/Developer/Xcode/DerivedData/AvoidObstaclesGame-ftcaflfqghptvoamthzoluzhenhx/Build/Products/Debug-iphonesimulator/AvoidObstaclesGame.app/PlugIns/AvoidObstaclesGameTests.xctest/AvoidObstaclesGameTests --scan-folder /Users/danielstevens/Library/Developer/Xcode/DerivedData/AvoidObstaclesGame-ftcaflfqghptvoamthzoluzhenhx/Build/Products/Debug-iphonesimulator/AvoidObstaclesGame.app/PlugIns/AvoidObstaclesGameTests.xctest/Frameworks --scan-folder /Users/danielstevens/Library/Developer/Xcode/DerivedData/AvoidObstaclesGame-ftcaflfqghptvoamthzoluzhenhx/Build/Products/Debug-iphonesimulator/AvoidObstaclesGame.app/PlugIns/AvoidObstaclesGameTests.xctest/PlugIns --scan-folder /Users/danielstevens/Library/Developer/Xcode/DerivedData/AvoidObstaclesGame-ftcaflfqghptvoamthzoluzhenhx/Build/Products/Debug-iphonesimulator/AvoidObstaclesGame.app/PlugIns/AvoidObstaclesGameTests.xctest/SystemExtensions --scan-folder /Users/danielstevens/Library/Developer/Xcode/DerivedData/AvoidObstaclesGame-ftcaflfqghptvoamthzoluzhenhx/Build/Products/Debug-iphonesimulator/AvoidObstaclesGame.app/PlugIns/AvoidObstaclesGameTests.xctest/Extensions --scan-folder /Applications/Xcode-beta.app/Contents/Developer/Platforms/iPhoneSimulator.platform/Developer/SDKs/iPhoneSimulator26.2.sdk/System/Library/Frameworks/SpriteKit.framework --platform iphonesimulator --toolchain /Applications/Xcode-beta.app/Contents/Developer/Toolchains/XcodeDefault.xctoolchain --destination /Users/danielstevens/Library/Developer/Xcode/DerivedData/AvoidObstaclesGame-ftcaflfqghptvoamthzoluzhenhx/Build/Products/Debug-iphonesimulator/AvoidObstaclesGame.app/PlugIns/AvoidObstaclesGameTests.xctest/Frameworks --strip-bitcode --scan-executable /Applications/Xcode-beta.app/Contents/Developer/Platforms/iPhoneSimulator.platform/Developer/usr/lib/libXCTestSwiftSupport.dylib --strip-bitcode-tool /Applications/Xcode-beta.app/Contents/Developer/Toolchains/XcodeDefault.xctoolchain/usr/bin/bitcode_strip --emit-dependency-info /Users/danielstevens/Library/Developer/Xcode/DerivedData/AvoidObstaclesGame-ftcaflfqghptvoamthzoluzhenhx/Build/Intermediates.noindex/AvoidObstaclesGame.build/Debug-iphonesimulator/AvoidObstaclesGameTests.build/SwiftStdLibToolInputDependencies.dep --filter-for-swift-os

CodeSign /Users/danielstevens/Library/Developer/Xcode/DerivedData/AvoidObstaclesGame-ftcaflfqghptvoamthzoluzhenhx/Build/Products/Debug-iphonesimulator/AvoidObstaclesGame.app/PlugIns/AvoidObstaclesGameTests.xctest (in target 'AvoidObstaclesGameTests' from project 'AvoidObstaclesGame')
    cd /Users/danielstevens/Desktop/github-projects/tools-automation/AvoidObstaclesGame

    Signing Identity:     "Sign to Run Locally"

    /usr/bin/codesign --force --sign - --timestamp\=none --generate-entitlement-der /Users/danielstevens/Library/Developer/Xcode/DerivedData/AvoidObstaclesGame-ftcaflfqghptvoamthzoluzhenhx/Build/Products/Debug-iphonesimulator/AvoidObstaclesGame.app/PlugIns/AvoidObstaclesGameTests.xctest

CodeSign /Users/danielstevens/Library/Developer/Xcode/DerivedData/AvoidObstaclesGame-ftcaflfqghptvoamthzoluzhenhx/Build/Products/Debug-iphonesimulator/AvoidObstaclesGame.app/AvoidObstaclesGame.debug.dylib (in target 'AvoidObstaclesGame' from project 'AvoidObstaclesGame')
    cd /Users/danielstevens/Desktop/github-projects/tools-automation/AvoidObstaclesGame

    Signing Identity:     "Sign to Run Locally"

    /usr/bin/codesign --force --sign - --timestamp\=none --generate-entitlement-der /Users/danielstevens/Library/Developer/Xcode/DerivedData/AvoidObstaclesGame-ftcaflfqghptvoamthzoluzhenhx/Build/Products/Debug-iphonesimulator/AvoidObstaclesGame.app/AvoidObstaclesGame.debug.dylib

CodeSign /Users/danielstevens/Library/Developer/Xcode/DerivedData/AvoidObstaclesGame-ftcaflfqghptvoamthzoluzhenhx/Build/Products/Debug-iphonesimulator/AvoidObstaclesGame.app/__preview.dylib (in target 'AvoidObstaclesGame' from project 'AvoidObstaclesGame')
    cd /Users/danielstevens/Desktop/github-projects/tools-automation/AvoidObstaclesGame

    Signing Identity:     "Sign to Run Locally"

    /usr/bin/codesign --force --sign - --timestamp\=none --generate-entitlement-der /Users/danielstevens/Library/Developer/Xcode/DerivedData/AvoidObstaclesGame-ftcaflfqghptvoamthzoluzhenhx/Build/Products/Debug-iphonesimulator/AvoidObstaclesGame.app/__preview.dylib
/Users/danielstevens/Library/Developer/Xcode/DerivedData/AvoidObstaclesGame-ftcaflfqghptvoamthzoluzhenhx/Build/Products/Debug-iphonesimulator/AvoidObstaclesGame.app/__preview.dylib: replacing existing signature

CodeSign /Users/danielstevens/Library/Developer/Xcode/DerivedData/AvoidObstaclesGame-ftcaflfqghptvoamthzoluzhenhx/Build/Products/Debug-iphonesimulator/AvoidObstaclesGame.app (in target 'AvoidObstaclesGame' from project 'AvoidObstaclesGame')
    cd /Users/danielstevens/Desktop/github-projects/tools-automation/AvoidObstaclesGame

    Signing Identity:     "Sign to Run Locally"

    /usr/bin/codesign --force --sign - --timestamp\=none --generate-entitlement-der /Users/danielstevens/Library/Developer/Xcode/DerivedData/AvoidObstaclesGame-ftcaflfqghptvoamthzoluzhenhx/Build/Products/Debug-iphonesimulator/AvoidObstaclesGame.app

SwiftEmitModule normal arm64 Emitting\ module\ for\ AvoidObstaclesGameUITests (in target 'AvoidObstaclesGameUITests' from project 'AvoidObstaclesGame')

EmitSwiftModule normal arm64 (in target 'AvoidObstaclesGameUITests' from project 'AvoidObstaclesGame')
    cd /Users/danielstevens/Desktop/github-projects/tools-automation/AvoidObstaclesGame


SwiftCompile normal arm64 Compiling\ GameFunctionalTests.swift /Users/danielstevens/Desktop/github-projects/tools-automation/AvoidObstaclesGame/AvoidObstaclesGameUITests/GameFunctionalTests.swift (in target 'AvoidObstaclesGameUITests' from project 'AvoidObstaclesGame')
SwiftCompile normal arm64 /Users/danielstevens/Desktop/github-projects/tools-automation/AvoidObstaclesGame/AvoidObstaclesGameUITests/GameFunctionalTests.swift (in target 'AvoidObstaclesGameUITests' from project 'AvoidObstaclesGame')
    cd /Users/danielstevens/Desktop/github-projects/tools-automation/AvoidObstaclesGame


Validate /Users/danielstevens/Library/Developer/Xcode/DerivedData/AvoidObstaclesGame-ftcaflfqghptvoamthzoluzhenhx/Build/Products/Debug-iphonesimulator/AvoidObstaclesGame.app (in target 'AvoidObstaclesGame' from project 'AvoidObstaclesGame')
    cd /Users/danielstevens/Desktop/github-projects/tools-automation/AvoidObstaclesGame
    builtin-validationUtility /Users/danielstevens/Library/Developer/Xcode/DerivedData/AvoidObstaclesGame-ftcaflfqghptvoamthzoluzhenhx/Build/Products/Debug-iphonesimulator/AvoidObstaclesGame.app -shallow-bundle -infoplist-subpath Info.plist

ProcessInfoPlistFile /Users/danielstevens/Library/Developer/Xcode/DerivedData/AvoidObstaclesGame-ftcaflfqghptvoamthzoluzhenhx/Build/Products/Debug-iphonesimulator/AvoidObstaclesGameUITests-Runner.app/PlugIns/AvoidObstaclesGameUITests.xctest/Info.plist /Users/danielstevens/Library/Developer/Xcode/DerivedData/AvoidObstaclesGame-ftcaflfqghptvoamthzoluzhenhx/Build/Intermediates.noindex/AvoidObstaclesGame.build/Debug-iphonesimulator/AvoidObstaclesGameUITests.build/empty-AvoidObstaclesGameUITests.plist (in target 'AvoidObstaclesGameUITests' from project 'AvoidObstaclesGame')
    cd /Users/danielstevens/Desktop/github-projects/tools-automation/AvoidObstaclesGame
    builtin-infoPlistUtility /Users/danielstevens/Library/Developer/Xcode/DerivedData/AvoidObstaclesGame-ftcaflfqghptvoamthzoluzhenhx/Build/Intermediates.noindex/AvoidObstaclesGame.build/Debug-iphonesimulator/AvoidObstaclesGameUITests.build/empty-AvoidObstaclesGameUITests.plist -producttype com.apple.product-type.bundle.ui-testing -expandbuildsettings -format binary -platform iphonesimulator -additionalcontentfile /Users/danielstevens/Library/Developer/Xcode/DerivedData/AvoidObstaclesGame-ftcaflfqghptvoamthzoluzhenhx/Build/Intermediates.noindex/AvoidObstaclesGame.build/Debug-iphonesimulator/AvoidObstaclesGameUITests.build/ProductTypeInfoPlistAdditions.plist -o /Users/danielstevens/Library/Developer/Xcode/DerivedData/AvoidObstaclesGame-ftcaflfqghptvoamthzoluzhenhx/Build/Products/Debug-iphonesimulator/AvoidObstaclesGameUITests-Runner.app/PlugIns/AvoidObstaclesGameUITests.xctest/Info.plist

SwiftDriverJobDiscovery normal arm64 Emitting module for AvoidObstaclesGameUITests (in target 'AvoidObstaclesGameUITests' from project 'AvoidObstaclesGame')

SwiftDriver\ Compilation\ Requirements AvoidObstaclesGameUITests normal arm64 com.apple.xcode.tools.swift.compiler (in target 'AvoidObstaclesGameUITests' from project 'AvoidObstaclesGame')
    cd /Users/danielstevens/Desktop/github-projects/tools-automation/AvoidObstaclesGame
    builtin-Swift-Compilation-Requirements -- /Applications/Xcode-beta.app/Contents/Developer/Toolchains/XcodeDefault.xctoolchain/usr/bin/swiftc -module-name AvoidObstaclesGameUITests -Onone -enforce-exclusivity\=checked @/Users/danielstevens/Library/Developer/Xcode/DerivedData/AvoidObstaclesGame-ftcaflfqghptvoamthzoluzhenhx/Build/Intermediates.noindex/AvoidObstaclesGame.build/Debug-iphonesimulator/AvoidObstaclesGameUITests.build/Objects-normal/arm64/AvoidObstaclesGameUITests.SwiftFileList -DDEBUG -module-alias Testing\=_Testing_Unavailable -plugin-path /Applications/Xcode-beta.app/Contents/Developer/Toolchains/XcodeDefault.xctoolchain/usr/lib/swift/host/plugins/testing -enable-bare-slash-regex -enable-experimental-feature DebugDescriptionMacro -sdk /Applications/Xcode-beta.app/Contents/Developer/Platforms/iPhoneSimulator.platform/Developer/SDKs/iPhoneSimulator26.2.sdk -target arm64-apple-ios26.0-simulator -g -module-cache-path /Users/danielstevens/Library/Developer/Xcode/DerivedData/ModuleCache.noindex -Xfrontend -serialize-debugging-options -enable-testing -index-store-path /Users/danielstevens/Library/Developer/Xcode/DerivedData/AvoidObstaclesGame-ftcaflfqghptvoamthzoluzhenhx/Index.noindex/DataStore -Xcc -D_LIBCPP_HARDENING_MODE\=_LIBCPP_HARDENING_MODE_DEBUG -swift-version 5 -I /Users/danielstevens/Library/Developer/Xcode/DerivedData/AvoidObstaclesGame-ftcaflfqghptvoamthzoluzhenhx/Build/Products/Debug-iphonesimulator -Isystem /Applications/Xcode-beta.app/Contents/Developer/Platforms/iPhoneSimulator.platform/Developer/usr/lib -F /Users/danielstevens/Library/Developer/Xcode/DerivedData/AvoidObstaclesGame-ftcaflfqghptvoamthzoluzhenhx/Build/Products/Debug-iphonesimulator -F /Applications/Xcode-beta.app/Contents/Developer/Platforms/iPhoneSimulator.platform/Developer/Library/Frameworks -F /Applications/Xcode-beta.app/Contents/Developer/Platforms/iPhoneSimulator.platform/Developer/SDKs/iPhoneSimulator26.2.sdk/Developer/Library/Frameworks -c -j10 -enable-batch-mode -incremental -Xcc -ivfsstatcache -Xcc /Users/danielstevens/Library/Developer/Xcode/DerivedData/SDKStatCaches.noindex/iphonesimulator26.2-23C5027e-c6bb09c85eeb1a59968f08cee6a58242.sdkstatcache -output-file-map /Users/danielstevens/Library/Developer/Xcode/DerivedData/AvoidObstaclesGame-ftcaflfqghptvoamthzoluzhenhx/Build/Intermediates.noindex/AvoidObstaclesGame.build/Debug-iphonesimulator/AvoidObstaclesGameUITests.build/Objects-normal/arm64/AvoidObstaclesGameUITests-OutputFileMap.json -use-frontend-parseable-output -save-temps -no-color-diagnostics -explicit-module-build -module-cache-path /Users/danielstevens/Library/Developer/Xcode/DerivedData/AvoidObstaclesGame-ftcaflfqghptvoamthzoluzhenhx/Build/Intermediates.noindex/SwiftExplicitPrecompiledModules -clang-scanner-module-cache-path /Users/danielstevens/Library/Developer/Xcode/DerivedData/ModuleCache.noindex -sdk-module-cache-path /Users/danielstevens/Library/Developer/Xcode/DerivedData/ModuleCache.noindex -serialize-diagnostics -emit-dependencies -emit-module -emit-module-path /Users/danielstevens/Library/Developer/Xcode/DerivedData/AvoidObstaclesGame-ftcaflfqghptvoamthzoluzhenhx/Build/Intermediates.noindex/AvoidObstaclesGame.build/Debug-iphonesimulator/AvoidObstaclesGameUITests.build/Objects-normal/arm64/AvoidObstaclesGameUITests.swiftmodule -validate-clang-modules-once -clang-build-session-file /Users/danielstevens/Library/Developer/Xcode/DerivedData/ModuleCache.noindex/Session.modulevalidation -Xcc -I/Users/danielstevens/Library/Developer/Xcode/DerivedData/AvoidObstaclesGame-ftcaflfqghptvoamthzoluzhenhx/Build/Intermediates.noindex/AvoidObstaclesGame.build/Debug-iphonesimulator/AvoidObstaclesGameUITests.build/swift-overrides.hmap -emit-const-values -Xfrontend -const-gather-protocols-file -Xfrontend /Users/danielstevens/Library/Developer/Xcode/DerivedData/AvoidObstaclesGame-ftcaflfqghptvoamthzoluzhenhx/Build/Intermediates.noindex/AvoidObstaclesGame.build/Debug-iphonesimulator/AvoidObstaclesGameUITests.build/Objects-normal/arm64/AvoidObstaclesGameUITests_const_extract_protocols.json -Xcc -iquote -Xcc /Users/danielstevens/Library/Developer/Xcode/DerivedData/AvoidObstaclesGame-ftcaflfqghptvoamthzoluzhenhx/Build/Intermediates.noindex/AvoidObstaclesGame.build/Debug-iphonesimulator/AvoidObstaclesGameUITests.build/AvoidObstaclesGameUITests-generated-files.hmap -Xcc -I/Users/danielstevens/Library/Developer/Xcode/DerivedData/AvoidObstaclesGame-ftcaflfqghptvoamthzoluzhenhx/Build/Intermediates.noindex/AvoidObstaclesGame.build/Debug-iphonesimulator/AvoidObstaclesGameUITests.build/AvoidObstaclesGameUITests-own-target-headers.hmap -Xcc -I/Users/danielstevens/Library/Developer/Xcode/DerivedData/AvoidObstaclesGame-ftcaflfqghptvoamthzoluzhenhx/Build/Intermediates.noindex/AvoidObstaclesGame.build/Debug-iphonesimulator/AvoidObstaclesGameUITests.build/AvoidObstaclesGameUITests-all-target-headers.hmap -Xcc -iquote -Xcc /Users/danielstevens/Library/Developer/Xcode/DerivedData/AvoidObstaclesGame-ftcaflfqghptvoamthzoluzhenhx/Build/Intermediates.noindex/AvoidObstaclesGame.build/Debug-iphonesimulator/AvoidObstaclesGameUITests.build/AvoidObstaclesGameUITests-project-headers.hmap -Xcc -I/Users/danielstevens/Library/Developer/Xcode/DerivedData/AvoidObstaclesGame-ftcaflfqghptvoamthzoluzhenhx/Build/Products/Debug-iphonesimulator/include -Xcc -I/Users/danielstevens/Library/Developer/Xcode/DerivedData/AvoidObstaclesGame-ftcaflfqghptvoamthzoluzhenhx/Build/Intermediates.noindex/AvoidObstaclesGame.build/Debug-iphonesimulator/AvoidObstaclesGameUITests.build/DerivedSources-normal/arm64 -Xcc -I/Users/danielstevens/Library/Developer/Xcode/DerivedData/AvoidObstaclesGame-ftcaflfqghptvoamthzoluzhenhx/Build/Intermediates.noindex/AvoidObstaclesGame.build/Debug-iphonesimulator/AvoidObstaclesGameUITests.build/DerivedSources/arm64 -Xcc -I/Users/danielstevens/Library/Developer/Xcode/DerivedData/AvoidObstaclesGame-ftcaflfqghptvoamthzoluzhenhx/Build/Intermediates.noindex/AvoidObstaclesGame.build/Debug-iphonesimulator/AvoidObstaclesGameUITests.build/DerivedSources -Xcc -DDEBUG\=1 -emit-objc-header -emit-objc-header-path /Users/danielstevens/Library/Developer/Xcode/DerivedData/AvoidObstaclesGame-ftcaflfqghptvoamthzoluzhenhx/Build/Intermediates.noindex/AvoidObstaclesGame.build/Debug-iphonesimulator/AvoidObstaclesGameUITests.build/Objects-normal/arm64/AvoidObstaclesGameUITests-Swift.h -working-directory /Users/danielstevens/Desktop/github-projects/tools-automation/AvoidObstaclesGame -experimental-emit-module-separately -disable-cmo

Copy /Users/danielstevens/Library/Developer/Xcode/DerivedData/AvoidObstaclesGame-ftcaflfqghptvoamthzoluzhenhx/Build/Products/Debug-iphonesimulator/AvoidObstaclesGameUITests.swiftmodule/Project/arm64-apple-ios-simulator.swiftsourceinfo /Users/danielstevens/Library/Developer/Xcode/DerivedData/AvoidObstaclesGame-ftcaflfqghptvoamthzoluzhenhx/Build/Intermediates.noindex/AvoidObstaclesGame.build/Debug-iphonesimulator/AvoidObstaclesGameUITests.build/Objects-normal/arm64/AvoidObstaclesGameUITests.swiftsourceinfo (in target 'AvoidObstaclesGameUITests' from project 'AvoidObstaclesGame')
    cd /Users/danielstevens/Desktop/github-projects/tools-automation/AvoidObstaclesGame
    builtin-copy -exclude .DS_Store -exclude CVS -exclude .svn -exclude .git -exclude .hg -resolve-src-symlinks -rename /Users/danielstevens/Library/Developer/Xcode/DerivedData/AvoidObstaclesGame-ftcaflfqghptvoamthzoluzhenhx/Build/Intermediates.noindex/AvoidObstaclesGame.build/Debug-iphonesimulator/AvoidObstaclesGameUITests.build/Objects-normal/arm64/AvoidObstaclesGameUITests.swiftsourceinfo /Users/danielstevens/Library/Developer/Xcode/DerivedData/AvoidObstaclesGame-ftcaflfqghptvoamthzoluzhenhx/Build/Products/Debug-iphonesimulator/AvoidObstaclesGameUITests.swiftmodule/Project/arm64-apple-ios-simulator.swiftsourceinfo

Copy /Users/danielstevens/Library/Developer/Xcode/DerivedData/AvoidObstaclesGame-ftcaflfqghptvoamthzoluzhenhx/Build/Products/Debug-iphonesimulator/AvoidObstaclesGameUITests.swiftmodule/arm64-apple-ios-simulator.abi.json /Users/danielstevens/Library/Developer/Xcode/DerivedData/AvoidObstaclesGame-ftcaflfqghptvoamthzoluzhenhx/Build/Intermediates.noindex/AvoidObstaclesGame.build/Debug-iphonesimulator/AvoidObstaclesGameUITests.build/Objects-normal/arm64/AvoidObstaclesGameUITests.abi.json (in target 'AvoidObstaclesGameUITests' from project 'AvoidObstaclesGame')
    cd /Users/danielstevens/Desktop/github-projects/tools-automation/AvoidObstaclesGame
    builtin-copy -exclude .DS_Store -exclude CVS -exclude .svn -exclude .git -exclude .hg -resolve-src-symlinks -rename /Users/danielstevens/Library/Developer/Xcode/DerivedData/AvoidObstaclesGame-ftcaflfqghptvoamthzoluzhenhx/Build/Intermediates.noindex/AvoidObstaclesGame.build/Debug-iphonesimulator/AvoidObstaclesGameUITests.build/Objects-normal/arm64/AvoidObstaclesGameUITests.abi.json /Users/danielstevens/Library/Developer/Xcode/DerivedData/AvoidObstaclesGame-ftcaflfqghptvoamthzoluzhenhx/Build/Products/Debug-iphonesimulator/AvoidObstaclesGameUITests.swiftmodule/arm64-apple-ios-simulator.abi.json

SwiftDriverJobDiscovery normal arm64 Compiling GameFunctionalTests.swift (in target 'AvoidObstaclesGameUITests' from project 'AvoidObstaclesGame')

SwiftDriver\ Compilation AvoidObstaclesGameUITests normal arm64 com.apple.xcode.tools.swift.compiler (in target 'AvoidObstaclesGameUITests' from project 'AvoidObstaclesGame')
    cd /Users/danielstevens/Desktop/github-projects/tools-automation/AvoidObstaclesGame
    builtin-Swift-Compilation -- /Applications/Xcode-beta.app/Contents/Developer/Toolchains/XcodeDefault.xctoolchain/usr/bin/swiftc -module-name AvoidObstaclesGameUITests -Onone -enforce-exclusivity\=checked @/Users/danielstevens/Library/Developer/Xcode/DerivedData/AvoidObstaclesGame-ftcaflfqghptvoamthzoluzhenhx/Build/Intermediates.noindex/AvoidObstaclesGame.build/Debug-iphonesimulator/AvoidObstaclesGameUITests.build/Objects-normal/arm64/AvoidObstaclesGameUITests.SwiftFileList -DDEBUG -module-alias Testing\=_Testing_Unavailable -plugin-path /Applications/Xcode-beta.app/Contents/Developer/Toolchains/XcodeDefault.xctoolchain/usr/lib/swift/host/plugins/testing -enable-bare-slash-regex -enable-experimental-feature DebugDescriptionMacro -sdk /Applications/Xcode-beta.app/Contents/Developer/Platforms/iPhoneSimulator.platform/Developer/SDKs/iPhoneSimulator26.2.sdk -target arm64-apple-ios26.0-simulator -g -module-cache-path /Users/danielstevens/Library/Developer/Xcode/DerivedData/ModuleCache.noindex -Xfrontend -serialize-debugging-options -enable-testing -index-store-path /Users/danielstevens/Library/Developer/Xcode/DerivedData/AvoidObstaclesGame-ftcaflfqghptvoamthzoluzhenhx/Index.noindex/DataStore -Xcc -D_LIBCPP_HARDENING_MODE\=_LIBCPP_HARDENING_MODE_DEBUG -swift-version 5 -I /Users/danielstevens/Library/Developer/Xcode/DerivedData/AvoidObstaclesGame-ftcaflfqghptvoamthzoluzhenhx/Build/Products/Debug-iphonesimulator -Isystem /Applications/Xcode-beta.app/Contents/Developer/Platforms/iPhoneSimulator.platform/Developer/usr/lib -F /Users/danielstevens/Library/Developer/Xcode/DerivedData/AvoidObstaclesGame-ftcaflfqghptvoamthzoluzhenhx/Build/Products/Debug-iphonesimulator -F /Applications/Xcode-beta.app/Contents/Developer/Platforms/iPhoneSimulator.platform/Developer/Library/Frameworks -F /Applications/Xcode-beta.app/Contents/Developer/Platforms/iPhoneSimulator.platform/Developer/SDKs/iPhoneSimulator26.2.sdk/Developer/Library/Frameworks -c -j10 -enable-batch-mode -incremental -Xcc -ivfsstatcache -Xcc /Users/danielstevens/Library/Developer/Xcode/DerivedData/SDKStatCaches.noindex/iphonesimulator26.2-23C5027e-c6bb09c85eeb1a59968f08cee6a58242.sdkstatcache -output-file-map /Users/danielstevens/Library/Developer/Xcode/DerivedData/AvoidObstaclesGame-ftcaflfqghptvoamthzoluzhenhx/Build/Intermediates.noindex/AvoidObstaclesGame.build/Debug-iphonesimulator/AvoidObstaclesGameUITests.build/Objects-normal/arm64/AvoidObstaclesGameUITests-OutputFileMap.json -use-frontend-parseable-output -save-temps -no-color-diagnostics -explicit-module-build -module-cache-path /Users/danielstevens/Library/Developer/Xcode/DerivedData/AvoidObstaclesGame-ftcaflfqghptvoamthzoluzhenhx/Build/Intermediates.noindex/SwiftExplicitPrecompiledModules -clang-scanner-module-cache-path /Users/danielstevens/Library/Developer/Xcode/DerivedData/ModuleCache.noindex -sdk-module-cache-path /Users/danielstevens/Library/Developer/Xcode/DerivedData/ModuleCache.noindex -serialize-diagnostics -emit-dependencies -emit-module -emit-module-path /Users/danielstevens/Library/Developer/Xcode/DerivedData/AvoidObstaclesGame-ftcaflfqghptvoamthzoluzhenhx/Build/Intermediates.noindex/AvoidObstaclesGame.build/Debug-iphonesimulator/AvoidObstaclesGameUITests.build/Objects-normal/arm64/AvoidObstaclesGameUITests.swiftmodule -validate-clang-modules-once -clang-build-session-file /Users/danielstevens/Library/Developer/Xcode/DerivedData/ModuleCache.noindex/Session.modulevalidation -Xcc -I/Users/danielstevens/Library/Developer/Xcode/DerivedData/AvoidObstaclesGame-ftcaflfqghptvoamthzoluzhenhx/Build/Intermediates.noindex/AvoidObstaclesGame.build/Debug-iphonesimulator/AvoidObstaclesGameUITests.build/swift-overrides.hmap -emit-const-values -Xfrontend -const-gather-protocols-file -Xfrontend /Users/danielstevens/Library/Developer/Xcode/DerivedData/AvoidObstaclesGame-ftcaflfqghptvoamthzoluzhenhx/Build/Intermediates.noindex/AvoidObstaclesGame.build/Debug-iphonesimulator/AvoidObstaclesGameUITests.build/Objects-normal/arm64/AvoidObstaclesGameUITests_const_extract_protocols.json -Xcc -iquote -Xcc /Users/danielstevens/Library/Developer/Xcode/DerivedData/AvoidObstaclesGame-ftcaflfqghptvoamthzoluzhenhx/Build/Intermediates.noindex/AvoidObstaclesGame.build/Debug-iphonesimulator/AvoidObstaclesGameUITests.build/AvoidObstaclesGameUITests-generated-files.hmap -Xcc -I/Users/danielstevens/Library/Developer/Xcode/DerivedData/AvoidObstaclesGame-ftcaflfqghptvoamthzoluzhenhx/Build/Intermediates.noindex/AvoidObstaclesGame.build/Debug-iphonesimulator/AvoidObstaclesGameUITests.build/AvoidObstaclesGameUITests-own-target-headers.hmap -Xcc -I/Users/danielstevens/Library/Developer/Xcode/DerivedData/AvoidObstaclesGame-ftcaflfqghptvoamthzoluzhenhx/Build/Intermediates.noindex/AvoidObstaclesGame.build/Debug-iphonesimulator/AvoidObstaclesGameUITests.build/AvoidObstaclesGameUITests-all-target-headers.hmap -Xcc -iquote -Xcc /Users/danielstevens/Library/Developer/Xcode/DerivedData/AvoidObstaclesGame-ftcaflfqghptvoamthzoluzhenhx/Build/Intermediates.noindex/AvoidObstaclesGame.build/Debug-iphonesimulator/AvoidObstaclesGameUITests.build/AvoidObstaclesGameUITests-project-headers.hmap -Xcc -I/Users/danielstevens/Library/Developer/Xcode/DerivedData/AvoidObstaclesGame-ftcaflfqghptvoamthzoluzhenhx/Build/Products/Debug-iphonesimulator/include -Xcc -I/Users/danielstevens/Library/Developer/Xcode/DerivedData/AvoidObstaclesGame-ftcaflfqghptvoamthzoluzhenhx/Build/Intermediates.noindex/AvoidObstaclesGame.build/Debug-iphonesimulator/AvoidObstaclesGameUITests.build/DerivedSources-normal/arm64 -Xcc -I/Users/danielstevens/Library/Developer/Xcode/DerivedData/AvoidObstaclesGame-ftcaflfqghptvoamthzoluzhenhx/Build/Intermediates.noindex/AvoidObstaclesGame.build/Debug-iphonesimulator/AvoidObstaclesGameUITests.build/DerivedSources/arm64 -Xcc -I/Users/danielstevens/Library/Developer/Xcode/DerivedData/AvoidObstaclesGame-ftcaflfqghptvoamthzoluzhenhx/Build/Intermediates.noindex/AvoidObstaclesGame.build/Debug-iphonesimulator/AvoidObstaclesGameUITests.build/DerivedSources -Xcc -DDEBUG\=1 -emit-objc-header -emit-objc-header-path /Users/danielstevens/Library/Developer/Xcode/DerivedData/AvoidObstaclesGame-ftcaflfqghptvoamthzoluzhenhx/Build/Intermediates.noindex/AvoidObstaclesGame.build/Debug-iphonesimulator/AvoidObstaclesGameUITests.build/Objects-normal/arm64/AvoidObstaclesGameUITests-Swift.h -working-directory /Users/danielstevens/Desktop/github-projects/tools-automation/AvoidObstaclesGame -experimental-emit-module-separately -disable-cmo

Ld /Users/danielstevens/Library/Developer/Xcode/DerivedData/AvoidObstaclesGame-ftcaflfqghptvoamthzoluzhenhx/Build/Products/Debug-iphonesimulator/AvoidObstaclesGameUITests-Runner.app/PlugIns/AvoidObstaclesGameUITests.xctest/AvoidObstaclesGameUITests normal (in target 'AvoidObstaclesGameUITests' from project 'AvoidObstaclesGame')
    cd /Users/danielstevens/Desktop/github-projects/tools-automation/AvoidObstaclesGame
    /Applications/Xcode-beta.app/Contents/Developer/Toolchains/XcodeDefault.xctoolchain/usr/bin/clang -Xlinker -reproducible -target arm64-apple-ios26.0-simulator -bundle -isysroot /Applications/Xcode-beta.app/Contents/Developer/Platforms/iPhoneSimulator.platform/Developer/SDKs/iPhoneSimulator26.2.sdk -O0 -L/Users/danielstevens/Library/Developer/Xcode/DerivedData/AvoidObstaclesGame-ftcaflfqghptvoamthzoluzhenhx/Build/Intermediates.noindex/EagerLinkingTBDs/Debug-iphonesimulator -L/Users/danielstevens/Library/Developer/Xcode/DerivedData/AvoidObstaclesGame-ftcaflfqghptvoamthzoluzhenhx/Build/Products/Debug-iphonesimulator -L/Applications/Xcode-beta.app/Contents/Developer/Platforms/iPhoneSimulator.platform/Developer/usr/lib -F/Users/danielstevens/Library/Developer/Xcode/DerivedData/AvoidObstaclesGame-ftcaflfqghptvoamthzoluzhenhx/Build/Intermediates.noindex/EagerLinkingTBDs/Debug-iphonesimulator -F/Users/danielstevens/Library/Developer/Xcode/DerivedData/AvoidObstaclesGame-ftcaflfqghptvoamthzoluzhenhx/Build/Products/Debug-iphonesimulator -iframework /Applications/Xcode-beta.app/Contents/Developer/Platforms/iPhoneSimulator.platform/Developer/Library/Frameworks -iframework /Applications/Xcode-beta.app/Contents/Developer/Platforms/iPhoneSimulator.platform/Developer/SDKs/iPhoneSimulator26.2.sdk/Developer/Library/Frameworks -filelist /Users/danielstevens/Library/Developer/Xcode/DerivedData/AvoidObstaclesGame-ftcaflfqghptvoamthzoluzhenhx/Build/Intermediates.noindex/AvoidObstaclesGame.build/Debug-iphonesimulator/AvoidObstaclesGameUITests.build/Objects-normal/arm64/AvoidObstaclesGameUITests.LinkFileList -Xlinker -rpath -Xlinker @loader_path/Frameworks -dead_strip -Xlinker -object_path_lto -Xlinker /Users/danielstevens/Library/Developer/Xcode/DerivedData/AvoidObstaclesGame-ftcaflfqghptvoamthzoluzhenhx/Build/Intermediates.noindex/AvoidObstaclesGame.build/Debug-iphonesimulator/AvoidObstaclesGameUITests.build/Objects-normal/arm64/AvoidObstaclesGameUITests_lto.o -rdynamic -Xlinker -no_deduplicate -Xlinker -objc_abi_version -Xlinker 2 -Xlinker -dependency_info -Xlinker /Users/danielstevens/Library/Developer/Xcode/DerivedData/AvoidObstaclesGame-ftcaflfqghptvoamthzoluzhenhx/Build/Intermediates.noindex/AvoidObstaclesGame.build/Debug-iphonesimulator/AvoidObstaclesGameUITests.build/Objects-normal/arm64/AvoidObstaclesGameUITests_dependency_info.dat -fobjc-link-runtime -L/Applications/Xcode-beta.app/Contents/Developer/Toolchains/XcodeDefault.xctoolchain/usr/lib/swift/iphonesimulator -L/usr/lib/swift -Xlinker -add_ast_path -Xlinker /Users/danielstevens/Library/Developer/Xcode/DerivedData/AvoidObstaclesGame-ftcaflfqghptvoamthzoluzhenhx/Build/Intermediates.noindex/AvoidObstaclesGame.build/Debug-iphonesimulator/AvoidObstaclesGameUITests.build/Objects-normal/arm64/AvoidObstaclesGameUITests.swiftmodule @/Users/danielstevens/Library/Developer/Xcode/DerivedData/AvoidObstaclesGame-ftcaflfqghptvoamthzoluzhenhx/Build/Intermediates.noindex/AvoidObstaclesGame.build/Debug-iphonesimulator/AvoidObstaclesGameUITests.build/Objects-normal/arm64/AvoidObstaclesGameUITests-linker-args.resp -Xlinker -needed_framework -Xlinker XCTest -framework XCTest -Xlinker -needed-lXCTestSwiftSupport -lXCTestSwiftSupport -Xlinker -sectcreate -Xlinker __TEXT -Xlinker __entitlements -Xlinker /Users/danielstevens/Library/Developer/Xcode/DerivedData/AvoidObstaclesGame-ftcaflfqghptvoamthzoluzhenhx/Build/Intermediates.noindex/AvoidObstaclesGame.build/Debug-iphonesimulator/AvoidObstaclesGameUITests.build/AvoidObstaclesGameUITests.xctest-Simulated.xcent -Xlinker -sectcreate -Xlinker __TEXT -Xlinker __ents_der -Xlinker /Users/danielstevens/Library/Developer/Xcode/DerivedData/AvoidObstaclesGame-ftcaflfqghptvoamthzoluzhenhx/Build/Intermediates.noindex/AvoidObstaclesGame.build/Debug-iphonesimulator/AvoidObstaclesGameUITests.build/AvoidObstaclesGameUITests.xctest-Simulated.xcent.der -framework SpriteKit -Xlinker -no_adhoc_codesign -o /Users/danielstevens/Library/Developer/Xcode/DerivedData/AvoidObstaclesGame-ftcaflfqghptvoamthzoluzhenhx/Build/Products/Debug-iphonesimulator/AvoidObstaclesGameUITests-Runner.app/PlugIns/AvoidObstaclesGameUITests.xctest/AvoidObstaclesGameUITests

CopySwiftLibs /Users/danielstevens/Library/Developer/Xcode/DerivedData/AvoidObstaclesGame-ftcaflfqghptvoamthzoluzhenhx/Build/Products/Debug-iphonesimulator/AvoidObstaclesGameUITests-Runner.app/PlugIns/AvoidObstaclesGameUITests.xctest (in target 'AvoidObstaclesGameUITests' from project 'AvoidObstaclesGame')
    cd /Users/danielstevens/Desktop/github-projects/tools-automation/AvoidObstaclesGame
    builtin-swiftStdLibTool --copy --verbose --sign - --scan-executable /Users/danielstevens/Library/Developer/Xcode/DerivedData/AvoidObstaclesGame-ftcaflfqghptvoamthzoluzhenhx/Build/Products/Debug-iphonesimulator/AvoidObstaclesGameUITests-Runner.app/PlugIns/AvoidObstaclesGameUITests.xctest/AvoidObstaclesGameUITests --scan-folder /Users/danielstevens/Library/Developer/Xcode/DerivedData/AvoidObstaclesGame-ftcaflfqghptvoamthzoluzhenhx/Build/Products/Debug-iphonesimulator/AvoidObstaclesGameUITests-Runner.app/PlugIns/AvoidObstaclesGameUITests.xctest/Frameworks --scan-folder /Users/danielstevens/Library/Developer/Xcode/DerivedData/AvoidObstaclesGame-ftcaflfqghptvoamthzoluzhenhx/Build/Products/Debug-iphonesimulator/AvoidObstaclesGameUITests-Runner.app/PlugIns/AvoidObstaclesGameUITests.xctest/PlugIns --scan-folder /Users/danielstevens/Library/Developer/Xcode/DerivedData/AvoidObstaclesGame-ftcaflfqghptvoamthzoluzhenhx/Build/Products/Debug-iphonesimulator/AvoidObstaclesGameUITests-Runner.app/PlugIns/AvoidObstaclesGameUITests.xctest/SystemExtensions --scan-folder /Users/danielstevens/Library/Developer/Xcode/DerivedData/AvoidObstaclesGame-ftcaflfqghptvoamthzoluzhenhx/Build/Products/Debug-iphonesimulator/AvoidObstaclesGameUITests-Runner.app/PlugIns/AvoidObstaclesGameUITests.xctest/Extensions --scan-folder /Applications/Xcode-beta.app/Contents/Developer/Platforms/iPhoneSimulator.platform/Developer/SDKs/iPhoneSimulator26.2.sdk/System/Library/Frameworks/SpriteKit.framework --platform iphonesimulator --toolchain /Applications/Xcode-beta.app/Contents/Developer/Toolchains/XcodeDefault.xctoolchain --destination /Users/danielstevens/Library/Developer/Xcode/DerivedData/AvoidObstaclesGame-ftcaflfqghptvoamthzoluzhenhx/Build/Products/Debug-iphonesimulator/AvoidObstaclesGameUITests-Runner.app/PlugIns/AvoidObstaclesGameUITests.xctest/Frameworks --strip-bitcode --scan-executable /Applications/Xcode-beta.app/Contents/Developer/Platforms/iPhoneSimulator.platform/Developer/usr/lib/libXCTestSwiftSupport.dylib --strip-bitcode-tool /Applications/Xcode-beta.app/Contents/Developer/Toolchains/XcodeDefault.xctoolchain/usr/bin/bitcode_strip --emit-dependency-info /Users/danielstevens/Library/Developer/Xcode/DerivedData/AvoidObstaclesGame-ftcaflfqghptvoamthzoluzhenhx/Build/Intermediates.noindex/AvoidObstaclesGame.build/Debug-iphonesimulator/AvoidObstaclesGameUITests.build/SwiftStdLibToolInputDependencies.dep --filter-for-swift-os

ExtractAppIntentsMetadata (in target 'AvoidObstaclesGameUITests' from project 'AvoidObstaclesGame')
    cd /Users/danielstevens/Desktop/github-projects/tools-automation/AvoidObstaclesGame
    /Applications/Xcode-beta.app/Contents/Developer/Toolchains/XcodeDefault.xctoolchain/usr/bin/appintentsmetadataprocessor --toolchain-dir /Applications/Xcode-beta.app/Contents/Developer/Toolchains/XcodeDefault.xctoolchain --module-name AvoidObstaclesGameUITests --sdk-root /Applications/Xcode-beta.app/Contents/Developer/Platforms/iPhoneSimulator.platform/Developer/SDKs/iPhoneSimulator26.2.sdk --xcode-version 17C5013i --platform-family iOS --deployment-target 26.0 --bundle-identifier com.DanielStevens.AvoidObstaclesGameUITests --output /Users/danielstevens/Library/Developer/Xcode/DerivedData/AvoidObstaclesGame-ftcaflfqghptvoamthzoluzhenhx/Build/Products/Debug-iphonesimulator/AvoidObstaclesGameUITests-Runner.app/PlugIns/AvoidObstaclesGameUITests.xctest --target-triple arm64-apple-ios26.0-simulator --binary-file /Users/danielstevens/Library/Developer/Xcode/DerivedData/AvoidObstaclesGame-ftcaflfqghptvoamthzoluzhenhx/Build/Products/Debug-iphonesimulator/AvoidObstaclesGameUITests-Runner.app/PlugIns/AvoidObstaclesGameUITests.xctest/AvoidObstaclesGameUITests --dependency-file /Users/danielstevens/Library/Developer/Xcode/DerivedData/AvoidObstaclesGame-ftcaflfqghptvoamthzoluzhenhx/Build/Intermediates.noindex/AvoidObstaclesGame.build/Debug-iphonesimulator/AvoidObstaclesGameUITests.build/Objects-normal/arm64/AvoidObstaclesGameUITests_dependency_info.dat --stringsdata-file /Users/danielstevens/Library/Developer/Xcode/DerivedData/AvoidObstaclesGame-ftcaflfqghptvoamthzoluzhenhx/Build/Intermediates.noindex/AvoidObstaclesGame.build/Debug-iphonesimulator/AvoidObstaclesGameUITests.build/Objects-normal/arm64/ExtractedAppShortcutsMetadata.stringsdata --source-file-list /Users/danielstevens/Library/Developer/Xcode/DerivedData/AvoidObstaclesGame-ftcaflfqghptvoamthzoluzhenhx/Build/Intermediates.noindex/AvoidObstaclesGame.build/Debug-iphonesimulator/AvoidObstaclesGameUITests.build/Objects-normal/arm64/AvoidObstaclesGameUITests.SwiftFileList --metadata-file-list /Users/danielstevens/Library/Developer/Xcode/DerivedData/AvoidObstaclesGame-ftcaflfqghptvoamthzoluzhenhx/Build/Intermediates.noindex/AvoidObstaclesGame.build/Debug-iphonesimulator/AvoidObstaclesGameUITests.build/AvoidObstaclesGameUITests.DependencyMetadataFileList --static-metadata-file-list /Users/danielstevens/Library/Developer/Xcode/DerivedData/AvoidObstaclesGame-ftcaflfqghptvoamthzoluzhenhx/Build/Intermediates.noindex/AvoidObstaclesGame.build/Debug-iphonesimulator/AvoidObstaclesGameUITests.build/AvoidObstaclesGameUITests.DependencyStaticMetadataFileList --swift-const-vals-list /Users/danielstevens/Library/Developer/Xcode/DerivedData/AvoidObstaclesGame-ftcaflfqghptvoamthzoluzhenhx/Build/Intermediates.noindex/AvoidObstaclesGame.build/Debug-iphonesimulator/AvoidObstaclesGameUITests.build/Objects-normal/arm64/AvoidObstaclesGameUITests.SwiftConstValuesFileList --compile-time-extraction --deployment-aware-processing --validate-assistant-intents --no-app-shortcuts-localization
2025-12-07 16:56:01.562 appintentsmetadataprocessor[19473:12862761] Starting appintentsmetadataprocessor export
2025-12-07 16:56:01.563 appintentsmetadataprocessor[19473:12862761] warning: Metadata extraction skipped. No AppIntents.framework dependency found.

CodeSign /Users/danielstevens/Library/Developer/Xcode/DerivedData/AvoidObstaclesGame-ftcaflfqghptvoamthzoluzhenhx/Build/Products/Debug-iphonesimulator/AvoidObstaclesGameUITests-Runner.app/PlugIns/AvoidObstaclesGameUITests.xctest (in target 'AvoidObstaclesGameUITests' from project 'AvoidObstaclesGame')
    cd /Users/danielstevens/Desktop/github-projects/tools-automation/AvoidObstaclesGame

    Signing Identity:     "Sign to Run Locally"

    /usr/bin/codesign --force --sign - --timestamp\=none --generate-entitlement-der /Users/danielstevens/Library/Developer/Xcode/DerivedData/AvoidObstaclesGame-ftcaflfqghptvoamthzoluzhenhx/Build/Products/Debug-iphonesimulator/AvoidObstaclesGameUITests-Runner.app/PlugIns/AvoidObstaclesGameUITests.xctest

CodeSign /Users/danielstevens/Library/Developer/Xcode/DerivedData/AvoidObstaclesGame-ftcaflfqghptvoamthzoluzhenhx/Build/Products/Debug-iphonesimulator/AvoidObstaclesGameUITests-Runner.app (in target 'AvoidObstaclesGameUITests' from project 'AvoidObstaclesGame')
    cd /Users/danielstevens/Desktop/github-projects/tools-automation/AvoidObstaclesGame

    Signing Identity:     "Sign to Run Locally"

    /usr/bin/codesign --force --sign - --timestamp\=none --generate-entitlement-der /Users/danielstevens/Library/Developer/Xcode/DerivedData/AvoidObstaclesGame-ftcaflfqghptvoamthzoluzhenhx/Build/Products/Debug-iphonesimulator/AvoidObstaclesGameUITests-Runner.app
/Users/danielstevens/Library/Developer/Xcode/DerivedData/AvoidObstaclesGame-ftcaflfqghptvoamthzoluzhenhx/Build/Products/Debug-iphonesimulator/AvoidObstaclesGameUITests-Runner.app: replacing existing signature

2025-12-07 16:56:45.031777-0600 AvoidObstaclesGameUITests-Runner[20306:12867434] [Default] Running tests...
Test Suite 'Selected tests' started at 2025-12-07 16:56:52.849.
Test Suite 'AvoidObstaclesGameUITests.xctest' started at 2025-12-07 16:56:52.851.
Test Suite 'GameFunctionalTests' started at 2025-12-07 16:56:52.852.
Test Case '-[AvoidObstaclesGameUITests.GameFunctionalTests testGameplayLoop]' started.
    t =     0.00s Start Test at 2025-12-07 16:56:52.853
    t =     2.23s Set Up
    t =     2.23s Open com.DanielStevens.AvoidObstaclesGame
    t =     2.23s     Launch com.DanielStevens.AvoidObstaclesGame
    t =     8.00s         Setting up automation session
    t =     9.41s         Wait for com.DanielStevens.AvoidObstaclesGame to idle
    t =    10.53s Tap Window (Element at index 0)[0.50, 0.50]
    t =    10.54s     Wait for com.DanielStevens.AvoidObstaclesGame to idle
    t =    10.54s     Find the Window (Element at index 0)
    t =    11.64s         Find the Window (Element at index 0) (retry 1)
    t =    12.65s         Find the Window (Element at index 0) (retry 2)
    t =    12.66s         Collecting debug information to assist test failure triage
    t =    12.66s             Requesting snapshot of accessibility hierarchy for app with pid 20520
    t =    12.67s         Requesting snapshot of accessibility hierarchy for app with pid 20520
    t =    12.67s         Find: Descendants matching type Window
    t =    12.67s         Requesting snapshot of accessibility hierarchy for app with pid 20520
/Users/danielstevens/Desktop/github-projects/tools-automation/AvoidObstaclesGame/AvoidObstaclesGameUITests/GameFunctionalTests.swift:21: error: -[AvoidObstaclesGameUITests.GameFunctionalTests testGameplayLoop] : Failed to get matching snapshot: No matches found for Descendants matching type Window from input {(
    Application, pid: 20520
)}
    t =    14.47s Tear Down
Test Case '-[AvoidObstaclesGameUITests.GameFunctionalTests testGameplayLoop]' failed (14.732 seconds).
Test Suite 'GameFunctionalTests' failed at 2025-12-07 16:57:07.584.
	 Executed 1 test, with 1 failure (0 unexpected) in 14.732 (14.733) seconds
Test Suite 'AvoidObstaclesGameUITests.xctest' failed at 2025-12-07 16:57:07.585.
	 Executed 1 test, with 1 failure (0 unexpected) in 14.732 (14.733) seconds
Test Suite 'Selected tests' failed at 2025-12-07 16:57:07.585.
	 Executed 1 test, with 1 failure (0 unexpected) in 14.732 (14.736) seconds
2025-12-07 16:57:28.974 xcodebuild[19309:12862072] [MT] IDETestOperationsObserverDebug: 87.286 elapsed -- Testing started completed.
2025-12-07 16:57:28.974 xcodebuild[19309:12862072] [MT] IDETestOperationsObserverDebug: 0.000 sec, +0.000 sec -- start
2025-12-07 16:57:28.974 xcodebuild[19309:12862072] [MT] IDETestOperationsObserverDebug: 87.286 sec, +87.286 sec -- end

Test session results, code coverage, and logs:
	/Users/danielstevens/Library/Developer/Xcode/DerivedData/AvoidObstaclesGame-ftcaflfqghptvoamthzoluzhenhx/Logs/Test/Test-AvoidObstaclesGame-2025.12.07_16-55-54--0600.xcresult

** TEST FAILED **

Testing started
